[2026-04-04T00:53:52.601+0000] {processor.py:161} INFO - Started process (PID=47675) to work on /opt/airflow/dags/minio_to_snowflake.py
[2026-04-04T00:53:52.602+0000] {processor.py:830} INFO - Processing file /opt/airflow/dags/minio_to_snowflake.py for tasks to queue
[2026-04-04T00:53:52.603+0000] {logging_mixin.py:188} INFO - [2026-04-04T00:53:52.603+0000] {dagbag.py:545} INFO - Filling up the DagBag from /opt/airflow/dags/minio_to_snowflake.py
[2026-04-04T00:53:53.193+0000] {processor.py:840} INFO - DAG(s) 'minio_to_snowflake' retrieved from /opt/airflow/dags/minio_to_snowflake.py
[2026-04-04T00:53:53.211+0000] {logging_mixin.py:188} INFO - [2026-04-04T00:53:53.211+0000] {dag.py:3089} INFO - Sync 1 DAGs
[2026-04-04T00:53:53.222+0000] {logging_mixin.py:188} INFO - [2026-04-04T00:53:53.221+0000] {dag.py:3947} INFO - Setting next_dagrun for minio_to_snowflake to 2026-04-04 00:45:00+00:00, run_after=2026-04-04 00:50:00+00:00
[2026-04-04T00:53:53.229+0000] {processor.py:183} INFO - Processing /opt/airflow/dags/minio_to_snowflake.py took 0.637 seconds
[2026-04-04T02:11:49.250+0000] {processor.py:161} INFO - Started process (PID=47678) to work on /opt/airflow/dags/minio_to_snowflake.py
[2026-04-04T02:11:49.252+0000] {processor.py:830} INFO - Processing file /opt/airflow/dags/minio_to_snowflake.py for tasks to queue
[2026-04-04T02:11:49.252+0000] {logging_mixin.py:188} INFO - [2026-04-04T02:11:49.252+0000] {dagbag.py:545} INFO - Filling up the DagBag from /opt/airflow/dags/minio_to_snowflake.py
[2026-04-04T02:11:49.705+0000] {processor.py:840} INFO - DAG(s) 'minio_to_snowflake' retrieved from /opt/airflow/dags/minio_to_snowflake.py
[2026-04-04T02:11:49.872+0000] {logging_mixin.py:188} INFO - [2026-04-04T02:11:49.723+0000] {dag.py:3089} INFO - Sync 1 DAGs
[2026-04-04T02:11:49.882+0000] {logging_mixin.py:188} INFO - [2026-04-04T02:11:49.882+0000] {dag.py:3947} INFO - Setting next_dagrun for minio_to_snowflake to 2026-04-04 02:05:00+00:00, run_after=2026-04-04 02:10:00+00:00
[2026-04-04T02:11:49.889+0000] {processor.py:183} INFO - Processing /opt/airflow/dags/minio_to_snowflake.py took 0.646 seconds
[2026-04-04T03:13:46.558+0000] {processor.py:161} INFO - Started process (PID=47681) to work on /opt/airflow/dags/minio_to_snowflake.py
[2026-04-04T03:13:46.559+0000] {processor.py:830} INFO - Processing file /opt/airflow/dags/minio_to_snowflake.py for tasks to queue
[2026-04-04T03:13:46.562+0000] {logging_mixin.py:188} INFO - [2026-04-04T03:13:46.561+0000] {dagbag.py:545} INFO - Filling up the DagBag from /opt/airflow/dags/minio_to_snowflake.py
[2026-04-04T03:13:46.996+0000] {processor.py:840} INFO - DAG(s) 'minio_to_snowflake' retrieved from /opt/airflow/dags/minio_to_snowflake.py
[2026-04-04T03:13:47.163+0000] {logging_mixin.py:188} INFO - [2026-04-04T03:13:47.163+0000] {dag.py:3089} INFO - Sync 1 DAGs
[2026-04-04T03:13:47.172+0000] {logging_mixin.py:188} INFO - [2026-04-04T03:13:47.172+0000] {dag.py:3947} INFO - Setting next_dagrun for minio_to_snowflake to 2026-04-04 03:05:00+00:00, run_after=2026-04-04 03:10:00+00:00
[2026-04-04T03:13:47.179+0000] {processor.py:183} INFO - Processing /opt/airflow/dags/minio_to_snowflake.py took 0.627 seconds
[2026-04-04T04:15:00.756+0000] {processor.py:161} INFO - Started process (PID=47684) to work on /opt/airflow/dags/minio_to_snowflake.py
[2026-04-04T04:15:00.758+0000] {processor.py:830} INFO - Processing file /opt/airflow/dags/minio_to_snowflake.py for tasks to queue
[2026-04-04T04:15:00.761+0000] {logging_mixin.py:188} INFO - [2026-04-04T04:15:00.760+0000] {dagbag.py:545} INFO - Filling up the DagBag from /opt/airflow/dags/minio_to_snowflake.py
[2026-04-04T04:15:01.394+0000] {processor.py:840} INFO - DAG(s) 'minio_to_snowflake' retrieved from /opt/airflow/dags/minio_to_snowflake.py
[2026-04-04T04:15:01.419+0000] {logging_mixin.py:188} INFO - [2026-04-04T04:15:01.419+0000] {dag.py:3089} INFO - Sync 1 DAGs
[2026-04-04T04:15:01.428+0000] {logging_mixin.py:188} INFO - [2026-04-04T04:15:01.428+0000] {dag.py:3947} INFO - Setting next_dagrun for minio_to_snowflake to 2026-04-04 04:10:00+00:00, run_after=2026-04-04 04:15:00+00:00
[2026-04-04T04:15:01.435+0000] {processor.py:183} INFO - Processing /opt/airflow/dags/minio_to_snowflake.py took 0.689 seconds
[2026-04-04T05:14:58.282+0000] {processor.py:161} INFO - Started process (PID=47687) to work on /opt/airflow/dags/minio_to_snowflake.py
[2026-04-04T05:14:58.283+0000] {processor.py:830} INFO - Processing file /opt/airflow/dags/minio_to_snowflake.py for tasks to queue
[2026-04-04T05:14:58.284+0000] {logging_mixin.py:188} INFO - [2026-04-04T05:14:58.283+0000] {dagbag.py:545} INFO - Filling up the DagBag from /opt/airflow/dags/minio_to_snowflake.py
[2026-04-04T05:14:58.841+0000] {processor.py:840} INFO - DAG(s) 'minio_to_snowflake' retrieved from /opt/airflow/dags/minio_to_snowflake.py
[2026-04-04T05:14:58.854+0000] {logging_mixin.py:188} INFO - [2026-04-04T05:14:58.854+0000] {dag.py:3089} INFO - Sync 1 DAGs
[2026-04-04T05:14:58.863+0000] {logging_mixin.py:188} INFO - [2026-04-04T05:14:58.863+0000] {dag.py:3947} INFO - Setting next_dagrun for minio_to_snowflake to 2026-04-04 05:05:00+00:00, run_after=2026-04-04 05:10:00+00:00
[2026-04-04T05:14:58.872+0000] {processor.py:183} INFO - Processing /opt/airflow/dags/minio_to_snowflake.py took 0.599 seconds
[2026-04-04T06:31:01.588+0000] {processor.py:161} INFO - Started process (PID=47690) to work on /opt/airflow/dags/minio_to_snowflake.py
[2026-04-04T06:31:01.617+0000] {processor.py:830} INFO - Processing file /opt/airflow/dags/minio_to_snowflake.py for tasks to queue
[2026-04-04T06:31:01.619+0000] {logging_mixin.py:188} INFO - [2026-04-04T06:31:01.618+0000] {dagbag.py:545} INFO - Filling up the DagBag from /opt/airflow/dags/minio_to_snowflake.py
[2026-04-04T06:31:02.129+0000] {processor.py:840} INFO - DAG(s) 'minio_to_snowflake' retrieved from /opt/airflow/dags/minio_to_snowflake.py
[2026-04-04T06:31:02.160+0000] {logging_mixin.py:188} INFO - [2026-04-04T06:31:02.160+0000] {dag.py:3089} INFO - Sync 1 DAGs
[2026-04-04T06:31:02.299+0000] {logging_mixin.py:188} INFO - [2026-04-04T06:31:02.299+0000] {dag.py:3947} INFO - Setting next_dagrun for minio_to_snowflake to 2026-04-04 06:25:00+00:00, run_after=2026-04-04 06:30:00+00:00
[2026-04-04T06:31:02.306+0000] {processor.py:183} INFO - Processing /opt/airflow/dags/minio_to_snowflake.py took 0.734 seconds
[2026-04-04T07:50:09.327+0000] {processor.py:161} INFO - Started process (PID=47693) to work on /opt/airflow/dags/minio_to_snowflake.py
[2026-04-04T07:50:09.329+0000] {processor.py:830} INFO - Processing file /opt/airflow/dags/minio_to_snowflake.py for tasks to queue
[2026-04-04T07:50:09.331+0000] {logging_mixin.py:188} INFO - [2026-04-04T07:50:09.330+0000] {dagbag.py:545} INFO - Filling up the DagBag from /opt/airflow/dags/minio_to_snowflake.py
[2026-04-04T07:50:09.771+0000] {processor.py:840} INFO - DAG(s) 'minio_to_snowflake' retrieved from /opt/airflow/dags/minio_to_snowflake.py
[2026-04-04T07:50:09.944+0000] {logging_mixin.py:188} INFO - [2026-04-04T07:50:09.793+0000] {dag.py:3089} INFO - Sync 1 DAGs
[2026-04-04T07:50:09.955+0000] {logging_mixin.py:188} INFO - [2026-04-04T07:50:09.955+0000] {dag.py:3947} INFO - Setting next_dagrun for minio_to_snowflake to 2026-04-04 07:45:00+00:00, run_after=2026-04-04 07:50:00+00:00
[2026-04-04T07:50:09.963+0000] {processor.py:183} INFO - Processing /opt/airflow/dags/minio_to_snowflake.py took 0.655 seconds
[2026-04-04T09:12:33.550+0000] {processor.py:161} INFO - Started process (PID=47696) to work on /opt/airflow/dags/minio_to_snowflake.py
[2026-04-04T09:12:33.555+0000] {processor.py:830} INFO - Processing file /opt/airflow/dags/minio_to_snowflake.py for tasks to queue
[2026-04-04T09:12:33.558+0000] {logging_mixin.py:188} INFO - [2026-04-04T09:12:33.557+0000] {dagbag.py:545} INFO - Filling up the DagBag from /opt/airflow/dags/minio_to_snowflake.py
[2026-04-04T09:12:34.017+0000] {processor.py:840} INFO - DAG(s) 'minio_to_snowflake' retrieved from /opt/airflow/dags/minio_to_snowflake.py
[2026-04-04T09:12:34.178+0000] {logging_mixin.py:188} INFO - [2026-04-04T09:12:34.178+0000] {dag.py:3089} INFO - Sync 1 DAGs
[2026-04-04T09:12:34.191+0000] {logging_mixin.py:188} INFO - [2026-04-04T09:12:34.191+0000] {dag.py:3947} INFO - Setting next_dagrun for minio_to_snowflake to 2026-04-04 09:05:00+00:00, run_after=2026-04-04 09:10:00+00:00
[2026-04-04T09:12:34.204+0000] {processor.py:183} INFO - Processing /opt/airflow/dags/minio_to_snowflake.py took 0.674 seconds
[2026-04-04T10:52:59.205+0000] {processor.py:161} INFO - Started process (PID=47699) to work on /opt/airflow/dags/minio_to_snowflake.py
[2026-04-04T10:52:59.206+0000] {processor.py:830} INFO - Processing file /opt/airflow/dags/minio_to_snowflake.py for tasks to queue
[2026-04-04T10:52:59.207+0000] {logging_mixin.py:188} INFO - [2026-04-04T10:52:59.207+0000] {dagbag.py:545} INFO - Filling up the DagBag from /opt/airflow/dags/minio_to_snowflake.py
[2026-04-04T10:52:59.775+0000] {processor.py:840} INFO - DAG(s) 'minio_to_snowflake' retrieved from /opt/airflow/dags/minio_to_snowflake.py
[2026-04-04T10:52:59.787+0000] {logging_mixin.py:188} INFO - [2026-04-04T10:52:59.787+0000] {dag.py:3089} INFO - Sync 1 DAGs
[2026-04-04T10:52:59.796+0000] {logging_mixin.py:188} INFO - [2026-04-04T10:52:59.796+0000] {dag.py:3947} INFO - Setting next_dagrun for minio_to_snowflake to 2026-04-04 10:45:00+00:00, run_after=2026-04-04 10:50:00+00:00
[2026-04-04T10:52:59.803+0000] {processor.py:183} INFO - Processing /opt/airflow/dags/minio_to_snowflake.py took 0.619 seconds
[2026-04-04T12:08:22.221+0000] {processor.py:161} INFO - Started process (PID=47702) to work on /opt/airflow/dags/minio_to_snowflake.py
[2026-04-04T12:08:22.223+0000] {processor.py:830} INFO - Processing file /opt/airflow/dags/minio_to_snowflake.py for tasks to queue
[2026-04-04T12:08:22.224+0000] {logging_mixin.py:188} INFO - [2026-04-04T12:08:22.223+0000] {dagbag.py:545} INFO - Filling up the DagBag from /opt/airflow/dags/minio_to_snowflake.py
[2026-04-04T12:08:22.836+0000] {processor.py:840} INFO - DAG(s) 'minio_to_snowflake' retrieved from /opt/airflow/dags/minio_to_snowflake.py
[2026-04-04T12:08:22.851+0000] {logging_mixin.py:188} INFO - [2026-04-04T12:08:22.850+0000] {dag.py:3089} INFO - Sync 1 DAGs
[2026-04-04T12:08:22.861+0000] {logging_mixin.py:188} INFO - [2026-04-04T12:08:22.861+0000] {dag.py:3947} INFO - Setting next_dagrun for minio_to_snowflake to 2026-04-04 12:00:00+00:00, run_after=2026-04-04 12:05:00+00:00
[2026-04-04T12:08:22.869+0000] {processor.py:183} INFO - Processing /opt/airflow/dags/minio_to_snowflake.py took 0.657 seconds
[2026-04-04T13:02:01.762+0000] {processor.py:161} INFO - Started process (PID=47705) to work on /opt/airflow/dags/minio_to_snowflake.py
[2026-04-04T13:02:01.765+0000] {processor.py:830} INFO - Processing file /opt/airflow/dags/minio_to_snowflake.py for tasks to queue
[2026-04-04T13:02:01.768+0000] {logging_mixin.py:188} INFO - [2026-04-04T13:02:01.767+0000] {dagbag.py:545} INFO - Filling up the DagBag from /opt/airflow/dags/minio_to_snowflake.py
[2026-04-04T13:02:02.928+0000] {processor.py:840} INFO - DAG(s) 'minio_to_snowflake' retrieved from /opt/airflow/dags/minio_to_snowflake.py
[2026-04-04T13:02:02.964+0000] {logging_mixin.py:188} INFO - [2026-04-04T13:02:02.964+0000] {dag.py:3089} INFO - Sync 1 DAGs
[2026-04-04T13:02:02.978+0000] {logging_mixin.py:188} INFO - [2026-04-04T13:02:02.978+0000] {dag.py:3947} INFO - Setting next_dagrun for minio_to_snowflake to 2026-04-04 12:55:00+00:00, run_after=2026-04-04 13:00:00+00:00
[2026-04-04T13:02:02.988+0000] {processor.py:183} INFO - Processing /opt/airflow/dags/minio_to_snowflake.py took 1.270 seconds
[2026-04-04T14:18:33.367+0000] {processor.py:161} INFO - Started process (PID=47708) to work on /opt/airflow/dags/minio_to_snowflake.py
[2026-04-04T14:18:33.369+0000] {processor.py:830} INFO - Processing file /opt/airflow/dags/minio_to_snowflake.py for tasks to queue
[2026-04-04T14:18:33.372+0000] {logging_mixin.py:188} INFO - [2026-04-04T14:18:33.371+0000] {dagbag.py:545} INFO - Filling up the DagBag from /opt/airflow/dags/minio_to_snowflake.py
[2026-04-04T14:18:33.864+0000] {processor.py:840} INFO - DAG(s) 'minio_to_snowflake' retrieved from /opt/airflow/dags/minio_to_snowflake.py
[2026-04-04T14:18:34.058+0000] {logging_mixin.py:188} INFO - [2026-04-04T14:18:33.899+0000] {dag.py:3089} INFO - Sync 1 DAGs
[2026-04-04T14:18:34.071+0000] {logging_mixin.py:188} INFO - [2026-04-04T14:18:34.071+0000] {dag.py:3947} INFO - Setting next_dagrun for minio_to_snowflake to 2026-04-04 14:10:00+00:00, run_after=2026-04-04 14:15:00+00:00
[2026-04-04T14:18:34.078+0000] {processor.py:183} INFO - Processing /opt/airflow/dags/minio_to_snowflake.py took 0.728 seconds
[2026-04-04T15:35:28.907+0000] {processor.py:161} INFO - Started process (PID=47711) to work on /opt/airflow/dags/minio_to_snowflake.py
[2026-04-04T15:35:28.908+0000] {processor.py:830} INFO - Processing file /opt/airflow/dags/minio_to_snowflake.py for tasks to queue
[2026-04-04T15:35:28.909+0000] {logging_mixin.py:188} INFO - [2026-04-04T15:35:28.909+0000] {dagbag.py:545} INFO - Filling up the DagBag from /opt/airflow/dags/minio_to_snowflake.py
[2026-04-04T15:35:29.329+0000] {processor.py:840} INFO - DAG(s) 'minio_to_snowflake' retrieved from /opt/airflow/dags/minio_to_snowflake.py
[2026-04-04T15:35:29.505+0000] {logging_mixin.py:188} INFO - [2026-04-04T15:35:29.505+0000] {dag.py:3089} INFO - Sync 1 DAGs
[2026-04-04T15:35:29.513+0000] {logging_mixin.py:188} INFO - [2026-04-04T15:35:29.513+0000] {dag.py:3947} INFO - Setting next_dagrun for minio_to_snowflake to 2026-04-04 15:30:00+00:00, run_after=2026-04-04 15:35:00+00:00
[2026-04-04T15:35:29.520+0000] {processor.py:183} INFO - Processing /opt/airflow/dags/minio_to_snowflake.py took 0.631 seconds
[2026-04-04T16:55:35.922+0000] {processor.py:161} INFO - Started process (PID=47714) to work on /opt/airflow/dags/minio_to_snowflake.py
[2026-04-04T16:55:35.923+0000] {processor.py:830} INFO - Processing file /opt/airflow/dags/minio_to_snowflake.py for tasks to queue
[2026-04-04T16:55:35.923+0000] {logging_mixin.py:188} INFO - [2026-04-04T16:55:35.923+0000] {dagbag.py:545} INFO - Filling up the DagBag from /opt/airflow/dags/minio_to_snowflake.py
[2026-04-04T16:55:36.529+0000] {processor.py:840} INFO - DAG(s) 'minio_to_snowflake' retrieved from /opt/airflow/dags/minio_to_snowflake.py
[2026-04-04T16:55:36.543+0000] {logging_mixin.py:188} INFO - [2026-04-04T16:55:36.543+0000] {dag.py:3089} INFO - Sync 1 DAGs
[2026-04-04T16:55:36.552+0000] {logging_mixin.py:188} INFO - [2026-04-04T16:55:36.552+0000] {dag.py:3947} INFO - Setting next_dagrun for minio_to_snowflake to 2026-04-04 16:50:00+00:00, run_after=2026-04-04 16:55:00+00:00
[2026-04-04T16:55:36.558+0000] {processor.py:183} INFO - Processing /opt/airflow/dags/minio_to_snowflake.py took 0.644 seconds
[2026-04-04T18:07:02.871+0000] {processor.py:161} INFO - Started process (PID=47717) to work on /opt/airflow/dags/minio_to_snowflake.py
[2026-04-04T18:07:02.875+0000] {processor.py:830} INFO - Processing file /opt/airflow/dags/minio_to_snowflake.py for tasks to queue
[2026-04-04T18:07:02.877+0000] {logging_mixin.py:188} INFO - [2026-04-04T18:07:02.877+0000] {dagbag.py:545} INFO - Filling up the DagBag from /opt/airflow/dags/minio_to_snowflake.py
[2026-04-04T18:07:03.487+0000] {processor.py:840} INFO - DAG(s) 'minio_to_snowflake' retrieved from /opt/airflow/dags/minio_to_snowflake.py
[2026-04-04T18:07:03.501+0000] {logging_mixin.py:188} INFO - [2026-04-04T18:07:03.500+0000] {dag.py:3089} INFO - Sync 1 DAGs
[2026-04-04T18:07:03.518+0000] {logging_mixin.py:188} INFO - [2026-04-04T18:07:03.518+0000] {dag.py:3947} INFO - Setting next_dagrun for minio_to_snowflake to 2026-04-04 18:00:00+00:00, run_after=2026-04-04 18:05:00+00:00
[2026-04-04T18:07:03.531+0000] {processor.py:183} INFO - Processing /opt/airflow/dags/minio_to_snowflake.py took 0.675 seconds
[2026-04-04T19:24:22.485+0000] {processor.py:161} INFO - Started process (PID=47720) to work on /opt/airflow/dags/minio_to_snowflake.py
[2026-04-04T19:24:22.486+0000] {processor.py:830} INFO - Processing file /opt/airflow/dags/minio_to_snowflake.py for tasks to queue
[2026-04-04T19:24:22.487+0000] {logging_mixin.py:188} INFO - [2026-04-04T19:24:22.487+0000] {dagbag.py:545} INFO - Filling up the DagBag from /opt/airflow/dags/minio_to_snowflake.py
[2026-04-04T19:24:23.062+0000] {processor.py:840} INFO - DAG(s) 'minio_to_snowflake' retrieved from /opt/airflow/dags/minio_to_snowflake.py
[2026-04-04T19:24:23.075+0000] {logging_mixin.py:188} INFO - [2026-04-04T19:24:23.075+0000] {dag.py:3089} INFO - Sync 1 DAGs
[2026-04-04T19:24:23.084+0000] {logging_mixin.py:188} INFO - [2026-04-04T19:24:23.084+0000] {dag.py:3947} INFO - Setting next_dagrun for minio_to_snowflake to 2026-04-04 19:15:00+00:00, run_after=2026-04-04 19:20:00+00:00
[2026-04-04T19:24:23.091+0000] {processor.py:183} INFO - Processing /opt/airflow/dags/minio_to_snowflake.py took 0.612 seconds
[2026-04-04T20:09:10.497+0000] {processor.py:161} INFO - Started process (PID=47723) to work on /opt/airflow/dags/minio_to_snowflake.py
[2026-04-04T20:09:10.498+0000] {processor.py:830} INFO - Processing file /opt/airflow/dags/minio_to_snowflake.py for tasks to queue
[2026-04-04T20:09:10.498+0000] {logging_mixin.py:188} INFO - [2026-04-04T20:09:10.498+0000] {dagbag.py:545} INFO - Filling up the DagBag from /opt/airflow/dags/minio_to_snowflake.py
[2026-04-04T20:09:10.942+0000] {processor.py:840} INFO - DAG(s) 'minio_to_snowflake' retrieved from /opt/airflow/dags/minio_to_snowflake.py
[2026-04-04T20:09:10.967+0000] {logging_mixin.py:188} INFO - [2026-04-04T20:09:10.966+0000] {dag.py:3089} INFO - Sync 1 DAGs
[2026-04-04T20:09:11.123+0000] {logging_mixin.py:188} INFO - [2026-04-04T20:09:11.123+0000] {dag.py:3947} INFO - Setting next_dagrun for minio_to_snowflake to 2026-04-04 20:00:00+00:00, run_after=2026-04-04 20:05:00+00:00
[2026-04-04T20:09:11.130+0000] {processor.py:183} INFO - Processing /opt/airflow/dags/minio_to_snowflake.py took 0.644 seconds
[2026-04-04T21:26:35.107+0000] {processor.py:161} INFO - Started process (PID=47726) to work on /opt/airflow/dags/minio_to_snowflake.py
[2026-04-04T21:26:35.108+0000] {processor.py:830} INFO - Processing file /opt/airflow/dags/minio_to_snowflake.py for tasks to queue
[2026-04-04T21:26:35.109+0000] {logging_mixin.py:188} INFO - [2026-04-04T21:26:35.109+0000] {dagbag.py:545} INFO - Filling up the DagBag from /opt/airflow/dags/minio_to_snowflake.py
[2026-04-04T21:26:35.538+0000] {processor.py:840} INFO - DAG(s) 'minio_to_snowflake' retrieved from /opt/airflow/dags/minio_to_snowflake.py
[2026-04-04T21:26:35.700+0000] {logging_mixin.py:188} INFO - [2026-04-04T21:26:35.700+0000] {dag.py:3089} INFO - Sync 1 DAGs
[2026-04-04T21:26:35.711+0000] {logging_mixin.py:188} INFO - [2026-04-04T21:26:35.711+0000] {dag.py:3947} INFO - Setting next_dagrun for minio_to_snowflake to 2026-04-04 21:20:00+00:00, run_after=2026-04-04 21:25:00+00:00
[2026-04-04T21:26:35.719+0000] {processor.py:183} INFO - Processing /opt/airflow/dags/minio_to_snowflake.py took 0.622 seconds
[2026-04-04T22:42:12.707+0000] {processor.py:161} INFO - Started process (PID=47729) to work on /opt/airflow/dags/minio_to_snowflake.py
[2026-04-04T22:42:12.708+0000] {processor.py:830} INFO - Processing file /opt/airflow/dags/minio_to_snowflake.py for tasks to queue
[2026-04-04T22:42:12.709+0000] {logging_mixin.py:188} INFO - [2026-04-04T22:42:12.708+0000] {dagbag.py:545} INFO - Filling up the DagBag from /opt/airflow/dags/minio_to_snowflake.py
[2026-04-04T22:42:13.296+0000] {processor.py:840} INFO - DAG(s) 'minio_to_snowflake' retrieved from /opt/airflow/dags/minio_to_snowflake.py
[2026-04-04T22:42:13.311+0000] {logging_mixin.py:188} INFO - [2026-04-04T22:42:13.311+0000] {dag.py:3089} INFO - Sync 1 DAGs
[2026-04-04T22:42:13.320+0000] {logging_mixin.py:188} INFO - [2026-04-04T22:42:13.320+0000] {dag.py:3947} INFO - Setting next_dagrun for minio_to_snowflake to 2026-04-04 22:35:00+00:00, run_after=2026-04-04 22:40:00+00:00
[2026-04-04T22:42:13.327+0000] {processor.py:183} INFO - Processing /opt/airflow/dags/minio_to_snowflake.py took 0.629 seconds
