[2026-04-02T20:57:27.693+0000] {local_task_job_runner.py:120} INFO - ::group::Pre task execution logs
[2026-04-02T20:57:27.710+0000] {taskinstance.py:2076} INFO - Dependencies all met for dep_context=non-requeueable deps ti=<TaskInstance: minio_to_snowflake.load_snowflake manual__2026-04-02T20:51:14.533000+00:00 [queued]>
[2026-04-02T20:57:27.714+0000] {taskinstance.py:2076} INFO - Dependencies all met for dep_context=requeueable deps ti=<TaskInstance: minio_to_snowflake.load_snowflake manual__2026-04-02T20:51:14.533000+00:00 [queued]>
[2026-04-02T20:57:27.714+0000] {taskinstance.py:2306} INFO - Starting attempt 1 of 2
[2026-04-02T20:57:27.719+0000] {taskinstance.py:2330} INFO - Executing <Task(PythonOperator): load_snowflake> on 2026-04-02 20:51:14.533000+00:00
[2026-04-02T20:57:27.728+0000] {logging_mixin.py:188} WARNING - /home/***/.local/lib/python3.12/site-packages/***/task/task_runner/standard_task_runner.py:62 DeprecationWarning: This process (pid=37861) is multi-threaded, use of fork() may lead to deadlocks in the child.
[2026-04-02T20:57:27.725+0000] {standard_task_runner.py:90} INFO - Running: ['***', 'tasks', 'run', 'minio_to_snowflake', 'load_snowflake', 'manual__2026-04-02T20:51:14.533000+00:00', '--job-id', '46', '--raw', '--subdir', 'DAGS_FOLDER/minio_to_snowflake.py', '--cfg-path', '/tmp/tmpwyvfx3zz']
[2026-04-02T20:57:27.728+0000] {standard_task_runner.py:91} INFO - Job 46: Subtask load_snowflake
[2026-04-02T20:57:27.728+0000] {standard_task_runner.py:64} INFO - Started process 37871 to run task
[2026-04-02T20:57:27.778+0000] {task_command.py:426} INFO - Running <TaskInstance: minio_to_snowflake.load_snowflake manual__2026-04-02T20:51:14.533000+00:00 [running]> on host cb0c06a70aed
[2026-04-02T20:57:27.829+0000] {taskinstance.py:2648} INFO - Exporting env vars: AIRFLOW_CTX_DAG_OWNER='***' AIRFLOW_CTX_DAG_ID='minio_to_snowflake' AIRFLOW_CTX_TASK_ID='load_snowflake' AIRFLOW_CTX_EXECUTION_DATE='2026-04-02T20:51:14.533000+00:00' AIRFLOW_CTX_TRY_NUMBER='1' AIRFLOW_CTX_DAG_RUN_ID='manual__2026-04-02T20:51:14.533000+00:00'
[2026-04-02T20:57:27.830+0000] {taskinstance.py:430} INFO - ::endgroup::
[2026-04-02T20:57:27.846+0000] {connection.py:408} INFO - Snowflake Connector for Python Version: 3.11.0, Python Version: 3.12.4, Platform: Linux-6.12.76-linuxkit-aarch64-with-glibc2.36
[2026-04-02T20:57:27.847+0000] {connection.py:1258} INFO - This connection is in OCSP Fail Open Mode. TLS Certificates would be checked for validity and revocation status. Any other Certificate Revocation related exceptions or OCSP Responder failures would be disregarded in favor of connectivity.
[2026-04-02T20:57:29.292+0000] {logging_mixin.py:188} INFO - Uploaded /tmp/minio_downloads/1775081247.json to Snowflake stage
[2026-04-02T20:57:29.615+0000] {logging_mixin.py:188} INFO - Uploaded /tmp/minio_downloads/1775081255.json to Snowflake stage
[2026-04-02T20:57:29.899+0000] {logging_mixin.py:188} INFO - Uploaded /tmp/minio_downloads/1775081263.json to Snowflake stage
[2026-04-02T20:57:30.189+0000] {logging_mixin.py:188} INFO - Uploaded /tmp/minio_downloads/1775081270.json to Snowflake stage
[2026-04-02T20:57:30.480+0000] {logging_mixin.py:188} INFO - Uploaded /tmp/minio_downloads/1775081277.json to Snowflake stage
[2026-04-02T20:57:30.765+0000] {logging_mixin.py:188} INFO - Uploaded /tmp/minio_downloads/1775081285.json to Snowflake stage
[2026-04-02T20:57:31.028+0000] {logging_mixin.py:188} INFO - Uploaded /tmp/minio_downloads/1775081292.json to Snowflake stage
[2026-04-02T20:57:31.276+0000] {logging_mixin.py:188} INFO - Uploaded /tmp/minio_downloads/1775081299.json to Snowflake stage
[2026-04-02T20:57:31.597+0000] {logging_mixin.py:188} INFO - Uploaded /tmp/minio_downloads/1775081307.json to Snowflake stage
[2026-04-02T20:57:31.865+0000] {logging_mixin.py:188} INFO - Uploaded /tmp/minio_downloads/1775081315.json to Snowflake stage
[2026-04-02T20:57:32.122+0000] {logging_mixin.py:188} INFO - Uploaded /tmp/minio_downloads/1775081322.json to Snowflake stage
[2026-04-02T20:57:32.405+0000] {logging_mixin.py:188} INFO - Uploaded /tmp/minio_downloads/1775081330.json to Snowflake stage
[2026-04-02T20:57:32.642+0000] {logging_mixin.py:188} INFO - Uploaded /tmp/minio_downloads/1775081337.json to Snowflake stage
[2026-04-02T20:57:32.896+0000] {logging_mixin.py:188} INFO - Uploaded /tmp/minio_downloads/1775081344.json to Snowflake stage
[2026-04-02T20:57:33.135+0000] {logging_mixin.py:188} INFO - Uploaded /tmp/minio_downloads/1775081351.json to Snowflake stage
[2026-04-02T20:57:33.404+0000] {logging_mixin.py:188} INFO - Uploaded /tmp/minio_downloads/1775081359.json to Snowflake stage
[2026-04-02T20:57:33.634+0000] {logging_mixin.py:188} INFO - Uploaded /tmp/minio_downloads/1775081366.json to Snowflake stage
[2026-04-02T20:57:33.938+0000] {logging_mixin.py:188} INFO - Uploaded /tmp/minio_downloads/1775081373.json to Snowflake stage
[2026-04-02T20:57:34.203+0000] {logging_mixin.py:188} INFO - Uploaded /tmp/minio_downloads/1775081381.json to Snowflake stage
[2026-04-02T20:57:34.456+0000] {logging_mixin.py:188} INFO - Uploaded /tmp/minio_downloads/1775081389.json to Snowflake stage
[2026-04-02T20:57:34.681+0000] {logging_mixin.py:188} INFO - Uploaded /tmp/minio_downloads/1775081396.json to Snowflake stage
[2026-04-02T20:57:34.982+0000] {logging_mixin.py:188} INFO - Uploaded /tmp/minio_downloads/1775081404.json to Snowflake stage
[2026-04-02T20:57:35.247+0000] {logging_mixin.py:188} INFO - Uploaded /tmp/minio_downloads/1775081411.json to Snowflake stage
[2026-04-02T20:57:35.522+0000] {logging_mixin.py:188} INFO - Uploaded /tmp/minio_downloads/1775081418.json to Snowflake stage
[2026-04-02T20:57:35.770+0000] {logging_mixin.py:188} INFO - Uploaded /tmp/minio_downloads/1775081426.json to Snowflake stage
[2026-04-02T20:57:36.008+0000] {logging_mixin.py:188} INFO - Uploaded /tmp/minio_downloads/1775081433.json to Snowflake stage
[2026-04-02T20:57:36.602+0000] {logging_mixin.py:188} INFO - Uploaded /tmp/minio_downloads/1775081440.json to Snowflake stage
[2026-04-02T20:57:36.885+0000] {logging_mixin.py:188} INFO - Uploaded /tmp/minio_downloads/1775081448.json to Snowflake stage
[2026-04-02T20:57:37.182+0000] {logging_mixin.py:188} INFO - Uploaded /tmp/minio_downloads/1775081455.json to Snowflake stage
[2026-04-02T20:57:37.432+0000] {logging_mixin.py:188} INFO - Uploaded /tmp/minio_downloads/1775081462.json to Snowflake stage
[2026-04-02T20:57:37.696+0000] {logging_mixin.py:188} INFO - Uploaded /tmp/minio_downloads/1775081470.json to Snowflake stage
[2026-04-02T20:57:37.957+0000] {logging_mixin.py:188} INFO - Uploaded /tmp/minio_downloads/1775081477.json to Snowflake stage
[2026-04-02T20:57:38.256+0000] {logging_mixin.py:188} INFO - Uploaded /tmp/minio_downloads/1775081484.json to Snowflake stage
[2026-04-02T20:57:38.503+0000] {logging_mixin.py:188} INFO - Uploaded /tmp/minio_downloads/1775081492.json to Snowflake stage
[2026-04-02T20:57:38.771+0000] {logging_mixin.py:188} INFO - Uploaded /tmp/minio_downloads/1775081499.json to Snowflake stage
[2026-04-02T20:57:39.089+0000] {logging_mixin.py:188} INFO - Uploaded /tmp/minio_downloads/1775081506.json to Snowflake stage
[2026-04-02T20:57:39.351+0000] {logging_mixin.py:188} INFO - Uploaded /tmp/minio_downloads/1775081514.json to Snowflake stage
[2026-04-02T20:57:39.626+0000] {logging_mixin.py:188} INFO - Uploaded /tmp/minio_downloads/1775081521.json to Snowflake stage
[2026-04-02T20:57:39.886+0000] {logging_mixin.py:188} INFO - Uploaded /tmp/minio_downloads/1775081529.json to Snowflake stage
[2026-04-02T20:57:40.165+0000] {logging_mixin.py:188} INFO - Uploaded /tmp/minio_downloads/1775081536.json to Snowflake stage
[2026-04-02T20:57:40.412+0000] {logging_mixin.py:188} INFO - Uploaded /tmp/minio_downloads/1775081543.json to Snowflake stage
[2026-04-02T20:57:40.695+0000] {logging_mixin.py:188} INFO - Uploaded /tmp/minio_downloads/1775081551.json to Snowflake stage
[2026-04-02T20:57:40.934+0000] {logging_mixin.py:188} INFO - Uploaded /tmp/minio_downloads/1775081559.json to Snowflake stage
[2026-04-02T20:57:41.233+0000] {logging_mixin.py:188} INFO - Uploaded /tmp/minio_downloads/1775081566.json to Snowflake stage
[2026-04-02T20:57:41.513+0000] {logging_mixin.py:188} INFO - Uploaded /tmp/minio_downloads/1775081573.json to Snowflake stage
[2026-04-02T20:57:41.882+0000] {logging_mixin.py:188} INFO - Uploaded /tmp/minio_downloads/1775081581.json to Snowflake stage
[2026-04-02T20:57:42.130+0000] {logging_mixin.py:188} INFO - Uploaded /tmp/minio_downloads/1775081588.json to Snowflake stage
[2026-04-02T20:57:42.357+0000] {logging_mixin.py:188} INFO - Uploaded /tmp/minio_downloads/1775081595.json to Snowflake stage
[2026-04-02T20:57:42.584+0000] {logging_mixin.py:188} INFO - Uploaded /tmp/minio_downloads/1775081603.json to Snowflake stage
[2026-04-02T20:57:42.830+0000] {logging_mixin.py:188} INFO - Uploaded /tmp/minio_downloads/1775081610.json to Snowflake stage
[2026-04-02T20:57:43.463+0000] {logging_mixin.py:188} INFO - Uploaded /tmp/minio_downloads/1775081618.json to Snowflake stage
[2026-04-02T20:57:43.695+0000] {logging_mixin.py:188} INFO - Uploaded /tmp/minio_downloads/1775081625.json to Snowflake stage
[2026-04-02T20:57:43.957+0000] {logging_mixin.py:188} INFO - Uploaded /tmp/minio_downloads/1775081633.json to Snowflake stage
[2026-04-02T20:57:44.226+0000] {logging_mixin.py:188} INFO - Uploaded /tmp/minio_downloads/1775081641.json to Snowflake stage
[2026-04-02T20:57:44.490+0000] {logging_mixin.py:188} INFO - Uploaded /tmp/minio_downloads/1775081648.json to Snowflake stage
[2026-04-02T20:57:44.733+0000] {logging_mixin.py:188} INFO - Uploaded /tmp/minio_downloads/1775081656.json to Snowflake stage
[2026-04-02T20:57:44.990+0000] {logging_mixin.py:188} INFO - Uploaded /tmp/minio_downloads/1775081663.json to Snowflake stage
[2026-04-02T20:57:45.344+0000] {logging_mixin.py:188} INFO - Uploaded /tmp/minio_downloads/1775081670.json to Snowflake stage
[2026-04-02T20:57:45.684+0000] {logging_mixin.py:188} INFO - Uploaded /tmp/minio_downloads/1775081678.json to Snowflake stage
[2026-04-02T20:57:45.941+0000] {logging_mixin.py:188} INFO - Uploaded /tmp/minio_downloads/1775081685.json to Snowflake stage
[2026-04-02T20:57:46.237+0000] {logging_mixin.py:188} INFO - Uploaded /tmp/minio_downloads/1775081693.json to Snowflake stage
[2026-04-02T20:57:46.488+0000] {logging_mixin.py:188} INFO - Uploaded /tmp/minio_downloads/1775081700.json to Snowflake stage
[2026-04-02T20:57:46.749+0000] {logging_mixin.py:188} INFO - Uploaded /tmp/minio_downloads/1775081707.json to Snowflake stage
[2026-04-02T20:57:46.995+0000] {logging_mixin.py:188} INFO - Uploaded /tmp/minio_downloads/1775081715.json to Snowflake stage
[2026-04-02T20:57:47.231+0000] {logging_mixin.py:188} INFO - Uploaded /tmp/minio_downloads/1775081723.json to Snowflake stage
[2026-04-02T20:57:47.483+0000] {logging_mixin.py:188} INFO - Uploaded /tmp/minio_downloads/1775081730.json to Snowflake stage
[2026-04-02T20:57:47.710+0000] {logging_mixin.py:188} INFO - Uploaded /tmp/minio_downloads/1775081737.json to Snowflake stage
[2026-04-02T20:57:47.952+0000] {logging_mixin.py:188} INFO - Uploaded /tmp/minio_downloads/1775081745.json to Snowflake stage
[2026-04-02T20:57:48.231+0000] {logging_mixin.py:188} INFO - Uploaded /tmp/minio_downloads/1775081753.json to Snowflake stage
[2026-04-02T20:57:48.545+0000] {logging_mixin.py:188} INFO - Uploaded /tmp/minio_downloads/1775081760.json to Snowflake stage
[2026-04-02T20:57:48.788+0000] {logging_mixin.py:188} INFO - Uploaded /tmp/minio_downloads/1775081767.json to Snowflake stage
[2026-04-02T20:57:49.111+0000] {logging_mixin.py:188} INFO - Uploaded /tmp/minio_downloads/1775081775.json to Snowflake stage
[2026-04-02T20:57:49.376+0000] {logging_mixin.py:188} INFO - Uploaded /tmp/minio_downloads/1775081782.json to Snowflake stage
[2026-04-02T20:57:49.678+0000] {logging_mixin.py:188} INFO - Uploaded /tmp/minio_downloads/1775081789.json to Snowflake stage
[2026-04-02T20:57:49.924+0000] {logging_mixin.py:188} INFO - Uploaded /tmp/minio_downloads/1775081796.json to Snowflake stage
[2026-04-02T20:57:50.206+0000] {logging_mixin.py:188} INFO - Uploaded /tmp/minio_downloads/1775081804.json to Snowflake stage
[2026-04-02T20:57:50.473+0000] {logging_mixin.py:188} INFO - Uploaded /tmp/minio_downloads/1775081811.json to Snowflake stage
[2026-04-02T20:57:50.708+0000] {logging_mixin.py:188} INFO - Uploaded /tmp/minio_downloads/1775081819.json to Snowflake stage
[2026-04-02T20:57:51.028+0000] {logging_mixin.py:188} INFO - Uploaded /tmp/minio_downloads/1775081826.json to Snowflake stage
[2026-04-02T20:57:51.277+0000] {logging_mixin.py:188} INFO - Uploaded /tmp/minio_downloads/1775081833.json to Snowflake stage
[2026-04-02T20:57:51.538+0000] {logging_mixin.py:188} INFO - Uploaded /tmp/minio_downloads/1775081841.json to Snowflake stage
[2026-04-02T20:57:51.803+0000] {logging_mixin.py:188} INFO - Uploaded /tmp/minio_downloads/1775081848.json to Snowflake stage
[2026-04-02T20:57:52.070+0000] {logging_mixin.py:188} INFO - Uploaded /tmp/minio_downloads/1775081855.json to Snowflake stage
[2026-04-02T20:57:52.323+0000] {logging_mixin.py:188} INFO - Uploaded /tmp/minio_downloads/1775081863.json to Snowflake stage
[2026-04-02T20:57:52.673+0000] {logging_mixin.py:188} INFO - Uploaded /tmp/minio_downloads/1775081870.json to Snowflake stage
[2026-04-02T20:57:52.939+0000] {logging_mixin.py:188} INFO - Uploaded /tmp/minio_downloads/1775081877.json to Snowflake stage
[2026-04-02T20:57:53.192+0000] {logging_mixin.py:188} INFO - Uploaded /tmp/minio_downloads/1775081885.json to Snowflake stage
[2026-04-02T20:57:53.428+0000] {logging_mixin.py:188} INFO - Uploaded /tmp/minio_downloads/1775081892.json to Snowflake stage
[2026-04-02T20:57:53.700+0000] {logging_mixin.py:188} INFO - Uploaded /tmp/minio_downloads/1775081899.json to Snowflake stage
[2026-04-02T20:57:53.953+0000] {logging_mixin.py:188} INFO - Uploaded /tmp/minio_downloads/1775081907.json to Snowflake stage
[2026-04-02T20:57:54.196+0000] {logging_mixin.py:188} INFO - Uploaded /tmp/minio_downloads/1775081914.json to Snowflake stage
[2026-04-02T20:57:54.435+0000] {logging_mixin.py:188} INFO - Uploaded /tmp/minio_downloads/1775081922.json to Snowflake stage
[2026-04-02T20:57:54.687+0000] {logging_mixin.py:188} INFO - Uploaded /tmp/minio_downloads/1775081929.json to Snowflake stage
[2026-04-02T20:57:54.945+0000] {logging_mixin.py:188} INFO - Uploaded /tmp/minio_downloads/1775081936.json to Snowflake stage
[2026-04-02T20:57:55.223+0000] {logging_mixin.py:188} INFO - Uploaded /tmp/minio_downloads/1775081944.json to Snowflake stage
[2026-04-02T20:57:55.486+0000] {logging_mixin.py:188} INFO - Uploaded /tmp/minio_downloads/1775081951.json to Snowflake stage
[2026-04-02T20:57:55.737+0000] {logging_mixin.py:188} INFO - Uploaded /tmp/minio_downloads/1775081958.json to Snowflake stage
[2026-04-02T20:57:55.982+0000] {logging_mixin.py:188} INFO - Uploaded /tmp/minio_downloads/1775081966.json to Snowflake stage
[2026-04-02T20:57:56.250+0000] {logging_mixin.py:188} INFO - Uploaded /tmp/minio_downloads/1775081973.json to Snowflake stage
[2026-04-02T20:57:56.536+0000] {logging_mixin.py:188} INFO - Uploaded /tmp/minio_downloads/1775081980.json to Snowflake stage
[2026-04-02T20:57:57.152+0000] {logging_mixin.py:188} INFO - Uploaded /tmp/minio_downloads/1775081988.json to Snowflake stage
[2026-04-02T20:57:57.407+0000] {logging_mixin.py:188} INFO - Uploaded /tmp/minio_downloads/1775081995.json to Snowflake stage
[2026-04-02T20:57:57.764+0000] {logging_mixin.py:188} INFO - Uploaded /tmp/minio_downloads/1775082002.json to Snowflake stage
[2026-04-02T20:57:58.030+0000] {logging_mixin.py:188} INFO - Uploaded /tmp/minio_downloads/1775082010.json to Snowflake stage
[2026-04-02T20:57:58.278+0000] {logging_mixin.py:188} INFO - Uploaded /tmp/minio_downloads/1775082018.json to Snowflake stage
[2026-04-02T20:57:58.539+0000] {logging_mixin.py:188} INFO - Uploaded /tmp/minio_downloads/1775082025.json to Snowflake stage
[2026-04-02T20:57:58.810+0000] {logging_mixin.py:188} INFO - Uploaded /tmp/minio_downloads/1775082033.json to Snowflake stage
[2026-04-02T20:57:59.086+0000] {logging_mixin.py:188} INFO - Uploaded /tmp/minio_downloads/1775082040.json to Snowflake stage
[2026-04-02T20:57:59.355+0000] {logging_mixin.py:188} INFO - Uploaded /tmp/minio_downloads/1775082048.json to Snowflake stage
[2026-04-02T20:57:59.698+0000] {logging_mixin.py:188} INFO - Uploaded /tmp/minio_downloads/1775082056.json to Snowflake stage
[2026-04-02T20:57:59.986+0000] {logging_mixin.py:188} INFO - Uploaded /tmp/minio_downloads/1775082063.json to Snowflake stage
[2026-04-02T20:58:00.270+0000] {logging_mixin.py:188} INFO - Uploaded /tmp/minio_downloads/1775082070.json to Snowflake stage
[2026-04-02T20:58:00.602+0000] {logging_mixin.py:188} INFO - Uploaded /tmp/minio_downloads/1775082078.json to Snowflake stage
[2026-04-02T20:58:00.844+0000] {logging_mixin.py:188} INFO - Uploaded /tmp/minio_downloads/1775082085.json to Snowflake stage
[2026-04-02T20:58:01.082+0000] {logging_mixin.py:188} INFO - Uploaded /tmp/minio_downloads/1775082093.json to Snowflake stage
[2026-04-02T20:58:01.349+0000] {logging_mixin.py:188} INFO - Uploaded /tmp/minio_downloads/1775082100.json to Snowflake stage
[2026-04-02T20:58:01.621+0000] {logging_mixin.py:188} INFO - Uploaded /tmp/minio_downloads/1775082108.json to Snowflake stage
[2026-04-02T20:58:01.930+0000] {logging_mixin.py:188} INFO - Uploaded /tmp/minio_downloads/1775082115.json to Snowflake stage
[2026-04-02T20:58:02.195+0000] {logging_mixin.py:188} INFO - Uploaded /tmp/minio_downloads/1775082122.json to Snowflake stage
[2026-04-02T20:58:02.532+0000] {logging_mixin.py:188} INFO - Uploaded /tmp/minio_downloads/1775081249.json to Snowflake stage
[2026-04-02T20:58:02.848+0000] {logging_mixin.py:188} INFO - Uploaded /tmp/minio_downloads/1775081256.json to Snowflake stage
[2026-04-02T20:58:03.123+0000] {logging_mixin.py:188} INFO - Uploaded /tmp/minio_downloads/1775081264.json to Snowflake stage
[2026-04-02T20:58:03.381+0000] {logging_mixin.py:188} INFO - Uploaded /tmp/minio_downloads/1775081271.json to Snowflake stage
[2026-04-02T20:58:03.633+0000] {logging_mixin.py:188} INFO - Uploaded /tmp/minio_downloads/1775081279.json to Snowflake stage
[2026-04-02T20:58:03.896+0000] {logging_mixin.py:188} INFO - Uploaded /tmp/minio_downloads/1775081286.json to Snowflake stage
[2026-04-02T20:58:04.209+0000] {logging_mixin.py:188} INFO - Uploaded /tmp/minio_downloads/1775081293.json to Snowflake stage
[2026-04-02T20:58:04.473+0000] {logging_mixin.py:188} INFO - Uploaded /tmp/minio_downloads/1775081301.json to Snowflake stage
[2026-04-02T20:58:04.808+0000] {logging_mixin.py:188} INFO - Uploaded /tmp/minio_downloads/1775081308.json to Snowflake stage
[2026-04-02T20:58:05.078+0000] {logging_mixin.py:188} INFO - Uploaded /tmp/minio_downloads/1775081316.json to Snowflake stage
[2026-04-02T20:58:05.335+0000] {logging_mixin.py:188} INFO - Uploaded /tmp/minio_downloads/1775081323.json to Snowflake stage
[2026-04-02T20:58:05.613+0000] {logging_mixin.py:188} INFO - Uploaded /tmp/minio_downloads/1775081331.json to Snowflake stage
[2026-04-02T20:58:05.883+0000] {logging_mixin.py:188} INFO - Uploaded /tmp/minio_downloads/1775081338.json to Snowflake stage
[2026-04-02T20:58:06.116+0000] {logging_mixin.py:188} INFO - Uploaded /tmp/minio_downloads/1775081345.json to Snowflake stage
[2026-04-02T20:58:06.442+0000] {logging_mixin.py:188} INFO - Uploaded /tmp/minio_downloads/1775081353.json to Snowflake stage
[2026-04-02T20:58:06.716+0000] {logging_mixin.py:188} INFO - Uploaded /tmp/minio_downloads/1775081360.json to Snowflake stage
[2026-04-02T20:58:06.976+0000] {logging_mixin.py:188} INFO - Uploaded /tmp/minio_downloads/1775081367.json to Snowflake stage
[2026-04-02T20:58:07.288+0000] {logging_mixin.py:188} INFO - Uploaded /tmp/minio_downloads/1775081375.json to Snowflake stage
[2026-04-02T20:58:07.557+0000] {logging_mixin.py:188} INFO - Uploaded /tmp/minio_downloads/1775081382.json to Snowflake stage
[2026-04-02T20:58:07.849+0000] {logging_mixin.py:188} INFO - Uploaded /tmp/minio_downloads/1775081390.json to Snowflake stage
[2026-04-02T20:58:08.111+0000] {logging_mixin.py:188} INFO - Uploaded /tmp/minio_downloads/1775081397.json to Snowflake stage
[2026-04-02T20:58:08.430+0000] {logging_mixin.py:188} INFO - Uploaded /tmp/minio_downloads/1775081405.json to Snowflake stage
[2026-04-02T20:58:08.699+0000] {logging_mixin.py:188} INFO - Uploaded /tmp/minio_downloads/1775081412.json to Snowflake stage
[2026-04-02T20:58:08.983+0000] {logging_mixin.py:188} INFO - Uploaded /tmp/minio_downloads/1775081420.json to Snowflake stage
[2026-04-02T20:58:09.250+0000] {logging_mixin.py:188} INFO - Uploaded /tmp/minio_downloads/1775081427.json to Snowflake stage
[2026-04-02T20:58:09.519+0000] {logging_mixin.py:188} INFO - Uploaded /tmp/minio_downloads/1775081434.json to Snowflake stage
[2026-04-02T20:58:09.817+0000] {logging_mixin.py:188} INFO - Uploaded /tmp/minio_downloads/1775081441.json to Snowflake stage
[2026-04-02T20:58:10.068+0000] {logging_mixin.py:188} INFO - Uploaded /tmp/minio_downloads/1775081449.json to Snowflake stage
[2026-04-02T20:58:10.335+0000] {logging_mixin.py:188} INFO - Uploaded /tmp/minio_downloads/1775081456.json to Snowflake stage
[2026-04-02T20:58:10.613+0000] {logging_mixin.py:188} INFO - Uploaded /tmp/minio_downloads/1775081463.json to Snowflake stage
[2026-04-02T20:58:10.888+0000] {logging_mixin.py:188} INFO - Uploaded /tmp/minio_downloads/1775081471.json to Snowflake stage
[2026-04-02T20:58:11.351+0000] {logging_mixin.py:188} INFO - Uploaded /tmp/minio_downloads/1775081478.json to Snowflake stage
[2026-04-02T20:58:11.648+0000] {logging_mixin.py:188} INFO - Uploaded /tmp/minio_downloads/1775081485.json to Snowflake stage
[2026-04-02T20:58:11.937+0000] {logging_mixin.py:188} INFO - Uploaded /tmp/minio_downloads/1775081493.json to Snowflake stage
[2026-04-02T20:58:12.331+0000] {logging_mixin.py:188} INFO - Uploaded /tmp/minio_downloads/1775081500.json to Snowflake stage
[2026-04-02T20:58:12.624+0000] {logging_mixin.py:188} INFO - Uploaded /tmp/minio_downloads/1775081508.json to Snowflake stage
[2026-04-02T20:58:12.889+0000] {logging_mixin.py:188} INFO - Uploaded /tmp/minio_downloads/1775081515.json to Snowflake stage
[2026-04-02T20:58:13.168+0000] {logging_mixin.py:188} INFO - Uploaded /tmp/minio_downloads/1775081522.json to Snowflake stage
[2026-04-02T20:58:13.425+0000] {logging_mixin.py:188} INFO - Uploaded /tmp/minio_downloads/1775081530.json to Snowflake stage
[2026-04-02T20:58:13.670+0000] {logging_mixin.py:188} INFO - Uploaded /tmp/minio_downloads/1775081537.json to Snowflake stage
[2026-04-02T20:58:13.937+0000] {logging_mixin.py:188} INFO - Uploaded /tmp/minio_downloads/1775081545.json to Snowflake stage
[2026-04-02T20:58:14.209+0000] {logging_mixin.py:188} INFO - Uploaded /tmp/minio_downloads/1775081552.json to Snowflake stage
[2026-04-02T20:58:14.537+0000] {logging_mixin.py:188} INFO - Uploaded /tmp/minio_downloads/1775081560.json to Snowflake stage
[2026-04-02T20:58:14.773+0000] {logging_mixin.py:188} INFO - Uploaded /tmp/minio_downloads/1775081567.json to Snowflake stage
[2026-04-02T20:58:15.034+0000] {logging_mixin.py:188} INFO - Uploaded /tmp/minio_downloads/1775081574.json to Snowflake stage
[2026-04-02T20:58:15.285+0000] {logging_mixin.py:188} INFO - Uploaded /tmp/minio_downloads/1775081582.json to Snowflake stage
[2026-04-02T20:58:15.551+0000] {logging_mixin.py:188} INFO - Uploaded /tmp/minio_downloads/1775081589.json to Snowflake stage
[2026-04-02T20:58:15.811+0000] {logging_mixin.py:188} INFO - Uploaded /tmp/minio_downloads/1775081597.json to Snowflake stage
[2026-04-02T20:58:16.082+0000] {logging_mixin.py:188} INFO - Uploaded /tmp/minio_downloads/1775081604.json to Snowflake stage
[2026-04-02T20:58:16.389+0000] {logging_mixin.py:188} INFO - Uploaded /tmp/minio_downloads/1775081612.json to Snowflake stage
[2026-04-02T20:58:16.666+0000] {logging_mixin.py:188} INFO - Uploaded /tmp/minio_downloads/1775081619.json to Snowflake stage
[2026-04-02T20:58:16.953+0000] {logging_mixin.py:188} INFO - Uploaded /tmp/minio_downloads/1775081627.json to Snowflake stage
[2026-04-02T20:58:17.171+0000] {logging_mixin.py:188} INFO - Uploaded /tmp/minio_downloads/1775081634.json to Snowflake stage
[2026-04-02T20:58:17.457+0000] {logging_mixin.py:188} INFO - Uploaded /tmp/minio_downloads/1775081642.json to Snowflake stage
[2026-04-02T20:58:17.696+0000] {logging_mixin.py:188} INFO - Uploaded /tmp/minio_downloads/1775081649.json to Snowflake stage
[2026-04-02T20:58:17.942+0000] {logging_mixin.py:188} INFO - Uploaded /tmp/minio_downloads/1775081657.json to Snowflake stage
[2026-04-02T20:58:18.222+0000] {logging_mixin.py:188} INFO - Uploaded /tmp/minio_downloads/1775081664.json to Snowflake stage
[2026-04-02T20:58:18.498+0000] {logging_mixin.py:188} INFO - Uploaded /tmp/minio_downloads/1775081671.json to Snowflake stage
[2026-04-02T20:58:18.766+0000] {logging_mixin.py:188} INFO - Uploaded /tmp/minio_downloads/1775081679.json to Snowflake stage
[2026-04-02T20:58:18.988+0000] {logging_mixin.py:188} INFO - Uploaded /tmp/minio_downloads/1775081686.json to Snowflake stage
[2026-04-02T20:58:19.221+0000] {logging_mixin.py:188} INFO - Uploaded /tmp/minio_downloads/1775081694.json to Snowflake stage
[2026-04-02T20:58:19.475+0000] {logging_mixin.py:188} INFO - Uploaded /tmp/minio_downloads/1775081701.json to Snowflake stage
[2026-04-02T20:58:19.772+0000] {logging_mixin.py:188} INFO - Uploaded /tmp/minio_downloads/1775081709.json to Snowflake stage
[2026-04-02T20:58:20.085+0000] {logging_mixin.py:188} INFO - Uploaded /tmp/minio_downloads/1775081717.json to Snowflake stage
[2026-04-02T20:58:20.377+0000] {logging_mixin.py:188} INFO - Uploaded /tmp/minio_downloads/1775081724.json to Snowflake stage
[2026-04-02T20:58:20.627+0000] {logging_mixin.py:188} INFO - Uploaded /tmp/minio_downloads/1775081731.json to Snowflake stage
[2026-04-02T20:58:20.908+0000] {logging_mixin.py:188} INFO - Uploaded /tmp/minio_downloads/1775081739.json to Snowflake stage
[2026-04-02T20:58:21.168+0000] {logging_mixin.py:188} INFO - Uploaded /tmp/minio_downloads/1775081746.json to Snowflake stage
[2026-04-02T20:58:21.401+0000] {logging_mixin.py:188} INFO - Uploaded /tmp/minio_downloads/1775081754.json to Snowflake stage
[2026-04-02T20:58:21.668+0000] {logging_mixin.py:188} INFO - Uploaded /tmp/minio_downloads/1775081761.json to Snowflake stage
[2026-04-02T20:58:21.962+0000] {logging_mixin.py:188} INFO - Uploaded /tmp/minio_downloads/1775081768.json to Snowflake stage
[2026-04-02T20:58:22.229+0000] {logging_mixin.py:188} INFO - Uploaded /tmp/minio_downloads/1775081776.json to Snowflake stage
[2026-04-02T20:58:22.484+0000] {logging_mixin.py:188} INFO - Uploaded /tmp/minio_downloads/1775081783.json to Snowflake stage
[2026-04-02T20:58:22.824+0000] {logging_mixin.py:188} INFO - Uploaded /tmp/minio_downloads/1775081790.json to Snowflake stage
[2026-04-02T20:58:23.050+0000] {logging_mixin.py:188} INFO - Uploaded /tmp/minio_downloads/1775081797.json to Snowflake stage
[2026-04-02T20:58:23.287+0000] {logging_mixin.py:188} INFO - Uploaded /tmp/minio_downloads/1775081805.json to Snowflake stage
[2026-04-02T20:58:23.524+0000] {logging_mixin.py:188} INFO - Uploaded /tmp/minio_downloads/1775081812.json to Snowflake stage
[2026-04-02T20:58:23.791+0000] {logging_mixin.py:188} INFO - Uploaded /tmp/minio_downloads/1775081820.json to Snowflake stage
[2026-04-02T20:58:24.127+0000] {logging_mixin.py:188} INFO - Uploaded /tmp/minio_downloads/1775081827.json to Snowflake stage
[2026-04-02T20:58:24.381+0000] {logging_mixin.py:188} INFO - Uploaded /tmp/minio_downloads/1775081834.json to Snowflake stage
[2026-04-02T20:58:24.626+0000] {logging_mixin.py:188} INFO - Uploaded /tmp/minio_downloads/1775081842.json to Snowflake stage
[2026-04-02T20:58:25.247+0000] {logging_mixin.py:188} INFO - Uploaded /tmp/minio_downloads/1775081849.json to Snowflake stage
[2026-04-02T20:58:25.523+0000] {logging_mixin.py:188} INFO - Uploaded /tmp/minio_downloads/1775081856.json to Snowflake stage
[2026-04-02T20:58:25.790+0000] {logging_mixin.py:188} INFO - Uploaded /tmp/minio_downloads/1775081864.json to Snowflake stage
[2026-04-02T20:58:26.034+0000] {logging_mixin.py:188} INFO - Uploaded /tmp/minio_downloads/1775081871.json to Snowflake stage
[2026-04-02T20:58:26.306+0000] {logging_mixin.py:188} INFO - Uploaded /tmp/minio_downloads/1775081878.json to Snowflake stage
[2026-04-02T20:58:26.597+0000] {logging_mixin.py:188} INFO - Uploaded /tmp/minio_downloads/1775081886.json to Snowflake stage
[2026-04-02T20:58:26.855+0000] {logging_mixin.py:188} INFO - Uploaded /tmp/minio_downloads/1775081893.json to Snowflake stage
[2026-04-02T20:58:27.129+0000] {logging_mixin.py:188} INFO - Uploaded /tmp/minio_downloads/1775081900.json to Snowflake stage
[2026-04-02T20:58:27.431+0000] {logging_mixin.py:188} INFO - Uploaded /tmp/minio_downloads/1775081908.json to Snowflake stage
[2026-04-02T20:58:27.717+0000] {logging_mixin.py:188} INFO - Uploaded /tmp/minio_downloads/1775081915.json to Snowflake stage
[2026-04-02T20:58:27.975+0000] {logging_mixin.py:188} INFO - Uploaded /tmp/minio_downloads/1775081923.json to Snowflake stage
[2026-04-02T20:58:28.252+0000] {logging_mixin.py:188} INFO - Uploaded /tmp/minio_downloads/1775081930.json to Snowflake stage
[2026-04-02T20:58:28.524+0000] {logging_mixin.py:188} INFO - Uploaded /tmp/minio_downloads/1775081937.json to Snowflake stage
[2026-04-02T20:58:28.851+0000] {logging_mixin.py:188} INFO - Uploaded /tmp/minio_downloads/1775081945.json to Snowflake stage
[2026-04-02T20:58:29.115+0000] {logging_mixin.py:188} INFO - Uploaded /tmp/minio_downloads/1775081952.json to Snowflake stage
[2026-04-02T20:58:29.363+0000] {logging_mixin.py:188} INFO - Uploaded /tmp/minio_downloads/1775081959.json to Snowflake stage
[2026-04-02T20:58:29.665+0000] {logging_mixin.py:188} INFO - Uploaded /tmp/minio_downloads/1775081967.json to Snowflake stage
[2026-04-02T20:58:29.929+0000] {logging_mixin.py:188} INFO - Uploaded /tmp/minio_downloads/1775081974.json to Snowflake stage
[2026-04-02T20:58:58.401+0000] {logging_mixin.py:188} INFO - Uploaded /tmp/minio_downloads/1775081981.json to Snowflake stage
[2026-04-02T20:58:58.697+0000] {logging_mixin.py:188} INFO - Uploaded /tmp/minio_downloads/1775081989.json to Snowflake stage
[2026-04-02T20:58:58.965+0000] {logging_mixin.py:188} INFO - Uploaded /tmp/minio_downloads/1775081996.json to Snowflake stage
[2026-04-02T20:58:59.262+0000] {logging_mixin.py:188} INFO - Uploaded /tmp/minio_downloads/1775082004.json to Snowflake stage
[2026-04-02T20:58:59.529+0000] {logging_mixin.py:188} INFO - Uploaded /tmp/minio_downloads/1775082012.json to Snowflake stage
[2026-04-02T20:58:59.776+0000] {logging_mixin.py:188} INFO - Uploaded /tmp/minio_downloads/1775082019.json to Snowflake stage
[2026-04-02T20:59:00.042+0000] {logging_mixin.py:188} INFO - Uploaded /tmp/minio_downloads/1775082027.json to Snowflake stage
[2026-04-02T20:59:00.374+0000] {logging_mixin.py:188} INFO - Uploaded /tmp/minio_downloads/1775082034.json to Snowflake stage
[2026-04-02T20:59:00.657+0000] {logging_mixin.py:188} INFO - Uploaded /tmp/minio_downloads/1775082042.json to Snowflake stage
[2026-04-02T20:59:00.933+0000] {logging_mixin.py:188} INFO - Uploaded /tmp/minio_downloads/1775082049.json to Snowflake stage
[2026-04-02T20:59:01.209+0000] {logging_mixin.py:188} INFO - Uploaded /tmp/minio_downloads/1775082057.json to Snowflake stage
[2026-04-02T20:59:01.469+0000] {logging_mixin.py:188} INFO - Uploaded /tmp/minio_downloads/1775082064.json to Snowflake stage
[2026-04-02T20:59:01.722+0000] {logging_mixin.py:188} INFO - Uploaded /tmp/minio_downloads/1775082072.json to Snowflake stage
[2026-04-02T20:59:01.991+0000] {logging_mixin.py:188} INFO - Uploaded /tmp/minio_downloads/1775082079.json to Snowflake stage
[2026-04-02T20:59:02.249+0000] {logging_mixin.py:188} INFO - Uploaded /tmp/minio_downloads/1775082086.json to Snowflake stage
[2026-04-02T20:59:02.551+0000] {logging_mixin.py:188} INFO - Uploaded /tmp/minio_downloads/1775082094.json to Snowflake stage
[2026-04-02T20:59:02.890+0000] {logging_mixin.py:188} INFO - Uploaded /tmp/minio_downloads/1775082101.json to Snowflake stage
[2026-04-02T20:59:03.147+0000] {logging_mixin.py:188} INFO - Uploaded /tmp/minio_downloads/1775082109.json to Snowflake stage
[2026-04-02T20:59:03.424+0000] {logging_mixin.py:188} INFO - Uploaded /tmp/minio_downloads/1775082116.json to Snowflake stage
[2026-04-02T20:59:03.690+0000] {logging_mixin.py:188} INFO - Uploaded /tmp/minio_downloads/1775082124.json to Snowflake stage
[2026-04-02T20:59:04.019+0000] {logging_mixin.py:188} INFO - Uploaded /tmp/minio_downloads/1775081248.json to Snowflake stage
[2026-04-02T20:59:04.284+0000] {logging_mixin.py:188} INFO - Uploaded /tmp/minio_downloads/1775081256.json to Snowflake stage
[2026-04-02T20:59:04.541+0000] {logging_mixin.py:188} INFO - Uploaded /tmp/minio_downloads/1775081263.json to Snowflake stage
[2026-04-02T20:59:04.802+0000] {logging_mixin.py:188} INFO - Uploaded /tmp/minio_downloads/1775081271.json to Snowflake stage
[2026-04-02T20:59:05.037+0000] {logging_mixin.py:188} INFO - Uploaded /tmp/minio_downloads/1775081278.json to Snowflake stage
[2026-04-02T20:59:05.396+0000] {logging_mixin.py:188} INFO - Uploaded /tmp/minio_downloads/1775081286.json to Snowflake stage
[2026-04-02T20:59:05.740+0000] {logging_mixin.py:188} INFO - Uploaded /tmp/minio_downloads/1775081293.json to Snowflake stage
[2026-04-02T20:59:06.045+0000] {logging_mixin.py:188} INFO - Uploaded /tmp/minio_downloads/1775081300.json to Snowflake stage
[2026-04-02T20:59:06.312+0000] {logging_mixin.py:188} INFO - Uploaded /tmp/minio_downloads/1775081308.json to Snowflake stage
[2026-04-02T20:59:06.669+0000] {logging_mixin.py:188} INFO - Uploaded /tmp/minio_downloads/1775081316.json to Snowflake stage
[2026-04-02T20:59:06.981+0000] {logging_mixin.py:188} INFO - Uploaded /tmp/minio_downloads/1775081323.json to Snowflake stage
[2026-04-02T20:59:07.248+0000] {logging_mixin.py:188} INFO - Uploaded /tmp/minio_downloads/1775081330.json to Snowflake stage
[2026-04-02T20:59:07.778+0000] {logging_mixin.py:188} INFO - Uploaded /tmp/minio_downloads/1775081338.json to Snowflake stage
[2026-04-02T20:59:08.059+0000] {logging_mixin.py:188} INFO - Uploaded /tmp/minio_downloads/1775081345.json to Snowflake stage
[2026-04-02T20:59:08.324+0000] {logging_mixin.py:188} INFO - Uploaded /tmp/minio_downloads/1775081352.json to Snowflake stage
[2026-04-02T20:59:08.606+0000] {logging_mixin.py:188} INFO - Uploaded /tmp/minio_downloads/1775081360.json to Snowflake stage
[2026-04-02T20:59:08.871+0000] {logging_mixin.py:188} INFO - Uploaded /tmp/minio_downloads/1775081367.json to Snowflake stage
[2026-04-02T20:59:09.114+0000] {logging_mixin.py:188} INFO - Uploaded /tmp/minio_downloads/1775081374.json to Snowflake stage
[2026-04-02T20:59:09.381+0000] {logging_mixin.py:188} INFO - Uploaded /tmp/minio_downloads/1775081382.json to Snowflake stage
[2026-04-02T20:59:09.622+0000] {logging_mixin.py:188} INFO - Uploaded /tmp/minio_downloads/1775081390.json to Snowflake stage
[2026-04-02T20:59:09.919+0000] {logging_mixin.py:188} INFO - Uploaded /tmp/minio_downloads/1775081397.json to Snowflake stage
[2026-04-02T20:59:10.163+0000] {logging_mixin.py:188} INFO - Uploaded /tmp/minio_downloads/1775081404.json to Snowflake stage
[2026-04-02T20:59:10.404+0000] {logging_mixin.py:188} INFO - Uploaded /tmp/minio_downloads/1775081412.json to Snowflake stage
[2026-04-02T20:59:10.715+0000] {logging_mixin.py:188} INFO - Uploaded /tmp/minio_downloads/1775081419.json to Snowflake stage
[2026-04-02T20:59:10.947+0000] {logging_mixin.py:188} INFO - Uploaded /tmp/minio_downloads/1775081426.json to Snowflake stage
[2026-04-02T20:59:11.355+0000] {logging_mixin.py:188} INFO - Uploaded /tmp/minio_downloads/1775081434.json to Snowflake stage
[2026-04-02T20:59:11.640+0000] {logging_mixin.py:188} INFO - Uploaded /tmp/minio_downloads/1775081441.json to Snowflake stage
[2026-04-02T20:59:11.898+0000] {logging_mixin.py:188} INFO - Uploaded /tmp/minio_downloads/1775081448.json to Snowflake stage
[2026-04-02T20:59:12.124+0000] {logging_mixin.py:188} INFO - Uploaded /tmp/minio_downloads/1775081456.json to Snowflake stage
[2026-04-02T20:59:12.373+0000] {logging_mixin.py:188} INFO - Uploaded /tmp/minio_downloads/1775081463.json to Snowflake stage
[2026-04-02T20:59:12.619+0000] {logging_mixin.py:188} INFO - Uploaded /tmp/minio_downloads/1775081471.json to Snowflake stage
[2026-04-02T20:59:12.903+0000] {logging_mixin.py:188} INFO - Uploaded /tmp/minio_downloads/1775081478.json to Snowflake stage
[2026-04-02T20:59:13.408+0000] {logging_mixin.py:188} INFO - Uploaded /tmp/minio_downloads/1775081485.json to Snowflake stage
[2026-04-02T20:59:13.663+0000] {logging_mixin.py:188} INFO - Uploaded /tmp/minio_downloads/1775081492.json to Snowflake stage
[2026-04-02T20:59:13.954+0000] {logging_mixin.py:188} INFO - Uploaded /tmp/minio_downloads/1775081500.json to Snowflake stage
[2026-04-02T20:59:14.222+0000] {logging_mixin.py:188} INFO - Uploaded /tmp/minio_downloads/1775081507.json to Snowflake stage
[2026-04-02T20:59:14.502+0000] {logging_mixin.py:188} INFO - Uploaded /tmp/minio_downloads/1775081515.json to Snowflake stage
[2026-04-02T20:59:14.762+0000] {logging_mixin.py:188} INFO - Uploaded /tmp/minio_downloads/1775081522.json to Snowflake stage
[2026-04-02T20:59:15.196+0000] {logging_mixin.py:188} INFO - Uploaded /tmp/minio_downloads/1775081530.json to Snowflake stage
[2026-04-02T20:59:15.491+0000] {logging_mixin.py:188} INFO - Uploaded /tmp/minio_downloads/1775081537.json to Snowflake stage
[2026-04-02T20:59:15.736+0000] {logging_mixin.py:188} INFO - Uploaded /tmp/minio_downloads/1775081544.json to Snowflake stage
[2026-04-02T20:59:15.984+0000] {logging_mixin.py:188} INFO - Uploaded /tmp/minio_downloads/1775081552.json to Snowflake stage
[2026-04-02T20:59:16.245+0000] {logging_mixin.py:188} INFO - Uploaded /tmp/minio_downloads/1775081560.json to Snowflake stage
[2026-04-02T20:59:16.514+0000] {logging_mixin.py:188} INFO - Uploaded /tmp/minio_downloads/1775081567.json to Snowflake stage
[2026-04-02T20:59:16.825+0000] {logging_mixin.py:188} INFO - Uploaded /tmp/minio_downloads/1775081574.json to Snowflake stage
[2026-04-02T20:59:17.143+0000] {logging_mixin.py:188} INFO - Uploaded /tmp/minio_downloads/1775081582.json to Snowflake stage
[2026-04-02T20:59:17.406+0000] {logging_mixin.py:188} INFO - Uploaded /tmp/minio_downloads/1775081589.json to Snowflake stage
[2026-04-02T20:59:17.652+0000] {logging_mixin.py:188} INFO - Uploaded /tmp/minio_downloads/1775081596.json to Snowflake stage
[2026-04-02T20:59:17.968+0000] {logging_mixin.py:188} INFO - Uploaded /tmp/minio_downloads/1775081604.json to Snowflake stage
[2026-04-02T20:59:18.227+0000] {logging_mixin.py:188} INFO - Uploaded /tmp/minio_downloads/1775081611.json to Snowflake stage
[2026-04-02T20:59:18.497+0000] {logging_mixin.py:188} INFO - Uploaded /tmp/minio_downloads/1775081619.json to Snowflake stage
[2026-04-02T20:59:18.790+0000] {logging_mixin.py:188} INFO - Uploaded /tmp/minio_downloads/1775081626.json to Snowflake stage
[2026-04-02T20:59:19.062+0000] {logging_mixin.py:188} INFO - Uploaded /tmp/minio_downloads/1775081634.json to Snowflake stage
[2026-04-02T20:59:19.324+0000] {logging_mixin.py:188} INFO - Uploaded /tmp/minio_downloads/1775081642.json to Snowflake stage
[2026-04-02T20:59:19.587+0000] {logging_mixin.py:188} INFO - Uploaded /tmp/minio_downloads/1775081649.json to Snowflake stage
[2026-04-02T20:59:19.832+0000] {logging_mixin.py:188} INFO - Uploaded /tmp/minio_downloads/1775081656.json to Snowflake stage
[2026-04-02T20:59:20.090+0000] {logging_mixin.py:188} INFO - Uploaded /tmp/minio_downloads/1775081664.json to Snowflake stage
[2026-04-02T20:59:20.336+0000] {logging_mixin.py:188} INFO - Uploaded /tmp/minio_downloads/1775081671.json to Snowflake stage
[2026-04-02T20:59:20.601+0000] {logging_mixin.py:188} INFO - Uploaded /tmp/minio_downloads/1775081678.json to Snowflake stage
[2026-04-02T20:59:20.864+0000] {logging_mixin.py:188} INFO - Uploaded /tmp/minio_downloads/1775081686.json to Snowflake stage
[2026-04-02T20:59:21.124+0000] {logging_mixin.py:188} INFO - Uploaded /tmp/minio_downloads/1775081693.json to Snowflake stage
[2026-04-02T20:59:21.380+0000] {logging_mixin.py:188} INFO - Uploaded /tmp/minio_downloads/1775081701.json to Snowflake stage
[2026-04-02T20:59:21.809+0000] {logging_mixin.py:188} INFO - Uploaded /tmp/minio_downloads/1775081708.json to Snowflake stage
[2026-04-02T20:59:22.090+0000] {logging_mixin.py:188} INFO - Uploaded /tmp/minio_downloads/1775081716.json to Snowflake stage
[2026-04-02T20:59:22.347+0000] {logging_mixin.py:188} INFO - Uploaded /tmp/minio_downloads/1775081724.json to Snowflake stage
[2026-04-02T20:59:22.589+0000] {logging_mixin.py:188} INFO - Uploaded /tmp/minio_downloads/1775081731.json to Snowflake stage
[2026-04-02T20:59:22.830+0000] {logging_mixin.py:188} INFO - Uploaded /tmp/minio_downloads/1775081738.json to Snowflake stage
[2026-04-02T20:59:23.081+0000] {logging_mixin.py:188} INFO - Uploaded /tmp/minio_downloads/1775081746.json to Snowflake stage
[2026-04-02T20:59:23.365+0000] {logging_mixin.py:188} INFO - Uploaded /tmp/minio_downloads/1775081753.json to Snowflake stage
[2026-04-02T20:59:23.634+0000] {logging_mixin.py:188} INFO - Uploaded /tmp/minio_downloads/1775081761.json to Snowflake stage
[2026-04-02T20:59:23.881+0000] {logging_mixin.py:188} INFO - Uploaded /tmp/minio_downloads/1775081768.json to Snowflake stage
[2026-04-02T20:59:24.103+0000] {logging_mixin.py:188} INFO - Uploaded /tmp/minio_downloads/1775081775.json to Snowflake stage
[2026-04-02T20:59:24.349+0000] {logging_mixin.py:188} INFO - Uploaded /tmp/minio_downloads/1775081783.json to Snowflake stage
[2026-04-02T20:59:24.586+0000] {logging_mixin.py:188} INFO - Uploaded /tmp/minio_downloads/1775081790.json to Snowflake stage
[2026-04-02T20:59:24.852+0000] {logging_mixin.py:188} INFO - Uploaded /tmp/minio_downloads/1775081797.json to Snowflake stage
[2026-04-02T20:59:25.089+0000] {logging_mixin.py:188} INFO - Uploaded /tmp/minio_downloads/1775081804.json to Snowflake stage
[2026-04-02T20:59:25.355+0000] {logging_mixin.py:188} INFO - Uploaded /tmp/minio_downloads/1775081812.json to Snowflake stage
[2026-04-02T20:59:25.593+0000] {logging_mixin.py:188} INFO - Uploaded /tmp/minio_downloads/1775081819.json to Snowflake stage
[2026-04-02T20:59:25.815+0000] {logging_mixin.py:188} INFO - Uploaded /tmp/minio_downloads/1775081827.json to Snowflake stage
[2026-04-02T20:59:26.054+0000] {logging_mixin.py:188} INFO - Uploaded /tmp/minio_downloads/1775081834.json to Snowflake stage
[2026-04-02T20:59:26.318+0000] {logging_mixin.py:188} INFO - Uploaded /tmp/minio_downloads/1775081841.json to Snowflake stage
[2026-04-02T20:59:26.563+0000] {logging_mixin.py:188} INFO - Uploaded /tmp/minio_downloads/1775081849.json to Snowflake stage
[2026-04-02T20:59:26.806+0000] {logging_mixin.py:188} INFO - Uploaded /tmp/minio_downloads/1775081856.json to Snowflake stage
[2026-04-02T20:59:27.052+0000] {logging_mixin.py:188} INFO - Uploaded /tmp/minio_downloads/1775081863.json to Snowflake stage
[2026-04-02T20:59:27.306+0000] {logging_mixin.py:188} INFO - Uploaded /tmp/minio_downloads/1775081871.json to Snowflake stage
[2026-04-02T20:59:27.581+0000] {logging_mixin.py:188} INFO - Uploaded /tmp/minio_downloads/1775081878.json to Snowflake stage
[2026-04-02T20:59:27.826+0000] {logging_mixin.py:188} INFO - Uploaded /tmp/minio_downloads/1775081886.json to Snowflake stage
[2026-04-02T20:59:28.062+0000] {logging_mixin.py:188} INFO - Uploaded /tmp/minio_downloads/1775081893.json to Snowflake stage
[2026-04-02T20:59:28.342+0000] {logging_mixin.py:188} INFO - Uploaded /tmp/minio_downloads/1775081900.json to Snowflake stage
[2026-04-02T20:59:28.583+0000] {logging_mixin.py:188} INFO - Uploaded /tmp/minio_downloads/1775081908.json to Snowflake stage
[2026-04-02T20:59:28.829+0000] {logging_mixin.py:188} INFO - Uploaded /tmp/minio_downloads/1775081915.json to Snowflake stage
[2026-04-02T20:59:29.059+0000] {logging_mixin.py:188} INFO - Uploaded /tmp/minio_downloads/1775081922.json to Snowflake stage
[2026-04-02T20:59:29.293+0000] {logging_mixin.py:188} INFO - Uploaded /tmp/minio_downloads/1775081930.json to Snowflake stage
[2026-04-02T20:59:29.954+0000] {logging_mixin.py:188} INFO - Uploaded /tmp/minio_downloads/1775081937.json to Snowflake stage
[2026-04-02T20:59:30.215+0000] {logging_mixin.py:188} INFO - Uploaded /tmp/minio_downloads/1775081944.json to Snowflake stage
[2026-04-02T20:59:30.444+0000] {logging_mixin.py:188} INFO - Uploaded /tmp/minio_downloads/1775081952.json to Snowflake stage
[2026-04-02T20:59:30.673+0000] {logging_mixin.py:188} INFO - Uploaded /tmp/minio_downloads/1775081959.json to Snowflake stage
[2026-04-02T20:59:30.914+0000] {logging_mixin.py:188} INFO - Uploaded /tmp/minio_downloads/1775081966.json to Snowflake stage
[2026-04-02T20:59:31.172+0000] {logging_mixin.py:188} INFO - Uploaded /tmp/minio_downloads/1775081974.json to Snowflake stage
[2026-04-02T20:59:31.423+0000] {logging_mixin.py:188} INFO - Uploaded /tmp/minio_downloads/1775081981.json to Snowflake stage
[2026-04-02T20:59:31.664+0000] {logging_mixin.py:188} INFO - Uploaded /tmp/minio_downloads/1775081988.json to Snowflake stage
[2026-04-02T20:59:31.928+0000] {logging_mixin.py:188} INFO - Uploaded /tmp/minio_downloads/1775081996.json to Snowflake stage
[2026-04-02T20:59:32.203+0000] {logging_mixin.py:188} INFO - Uploaded /tmp/minio_downloads/1775082003.json to Snowflake stage
[2026-04-02T20:59:32.454+0000] {logging_mixin.py:188} INFO - Uploaded /tmp/minio_downloads/1775082011.json to Snowflake stage
[2026-04-02T20:59:32.704+0000] {logging_mixin.py:188} INFO - Uploaded /tmp/minio_downloads/1775082019.json to Snowflake stage
[2026-04-02T20:59:32.950+0000] {logging_mixin.py:188} INFO - Uploaded /tmp/minio_downloads/1775082026.json to Snowflake stage
[2026-04-02T20:59:33.222+0000] {logging_mixin.py:188} INFO - Uploaded /tmp/minio_downloads/1775082034.json to Snowflake stage
[2026-04-02T20:59:33.452+0000] {logging_mixin.py:188} INFO - Uploaded /tmp/minio_downloads/1775082041.json to Snowflake stage
[2026-04-02T20:59:33.690+0000] {logging_mixin.py:188} INFO - Uploaded /tmp/minio_downloads/1775082049.json to Snowflake stage
[2026-04-02T20:59:33.940+0000] {logging_mixin.py:188} INFO - Uploaded /tmp/minio_downloads/1775082057.json to Snowflake stage
[2026-04-02T20:59:34.179+0000] {logging_mixin.py:188} INFO - Uploaded /tmp/minio_downloads/1775082064.json to Snowflake stage
[2026-04-02T20:59:34.425+0000] {logging_mixin.py:188} INFO - Uploaded /tmp/minio_downloads/1775082071.json to Snowflake stage
[2026-04-02T20:59:35.034+0000] {logging_mixin.py:188} INFO - Uploaded /tmp/minio_downloads/1775082079.json to Snowflake stage
[2026-04-02T20:59:35.295+0000] {logging_mixin.py:188} INFO - Uploaded /tmp/minio_downloads/1775082086.json to Snowflake stage
[2026-04-02T20:59:35.533+0000] {logging_mixin.py:188} INFO - Uploaded /tmp/minio_downloads/1775082094.json to Snowflake stage
[2026-04-02T20:59:35.786+0000] {logging_mixin.py:188} INFO - Uploaded /tmp/minio_downloads/1775082101.json to Snowflake stage
[2026-04-02T20:59:36.061+0000] {logging_mixin.py:188} INFO - Uploaded /tmp/minio_downloads/1775082108.json to Snowflake stage
[2026-04-02T20:59:36.345+0000] {logging_mixin.py:188} INFO - Uploaded /tmp/minio_downloads/1775082116.json to Snowflake stage
[2026-04-02T20:59:36.626+0000] {logging_mixin.py:188} INFO - Uploaded /tmp/minio_downloads/1775082123.json to Snowflake stage
[2026-04-02T20:59:36.900+0000] {logging_mixin.py:188} INFO - Uploaded /tmp/minio_downloads/1775081248.json to Snowflake stage
[2026-04-02T20:59:37.168+0000] {logging_mixin.py:188} INFO - Uploaded /tmp/minio_downloads/1775081255.json to Snowflake stage
[2026-04-02T20:59:37.417+0000] {logging_mixin.py:188} INFO - Uploaded /tmp/minio_downloads/1775081263.json to Snowflake stage
[2026-04-02T20:59:37.689+0000] {logging_mixin.py:188} INFO - Uploaded /tmp/minio_downloads/1775081270.json to Snowflake stage
[2026-04-02T20:59:37.969+0000] {logging_mixin.py:188} INFO - Uploaded /tmp/minio_downloads/1775081278.json to Snowflake stage
[2026-04-02T20:59:38.219+0000] {logging_mixin.py:188} INFO - Uploaded /tmp/minio_downloads/1775081285.json to Snowflake stage
[2026-04-02T20:59:38.491+0000] {logging_mixin.py:188} INFO - Uploaded /tmp/minio_downloads/1775081292.json to Snowflake stage
[2026-04-02T20:59:38.751+0000] {logging_mixin.py:188} INFO - Uploaded /tmp/minio_downloads/1775081300.json to Snowflake stage
[2026-04-02T20:59:38.997+0000] {logging_mixin.py:188} INFO - Uploaded /tmp/minio_downloads/1775081307.json to Snowflake stage
[2026-04-02T20:59:39.247+0000] {logging_mixin.py:188} INFO - Uploaded /tmp/minio_downloads/1775081315.json to Snowflake stage
[2026-04-02T20:59:39.494+0000] {logging_mixin.py:188} INFO - Uploaded /tmp/minio_downloads/1775081322.json to Snowflake stage
[2026-04-02T20:59:39.741+0000] {logging_mixin.py:188} INFO - Uploaded /tmp/minio_downloads/1775081330.json to Snowflake stage
[2026-04-02T20:59:39.988+0000] {logging_mixin.py:188} INFO - Uploaded /tmp/minio_downloads/1775081337.json to Snowflake stage
[2026-04-02T20:59:40.271+0000] {logging_mixin.py:188} INFO - Uploaded /tmp/minio_downloads/1775081344.json to Snowflake stage
[2026-04-02T20:59:40.530+0000] {logging_mixin.py:188} INFO - Uploaded /tmp/minio_downloads/1775081352.json to Snowflake stage
[2026-04-02T20:59:40.750+0000] {logging_mixin.py:188} INFO - Uploaded /tmp/minio_downloads/1775081359.json to Snowflake stage
[2026-04-02T20:59:40.981+0000] {logging_mixin.py:188} INFO - Uploaded /tmp/minio_downloads/1775081366.json to Snowflake stage
[2026-04-02T20:59:41.244+0000] {logging_mixin.py:188} INFO - Uploaded /tmp/minio_downloads/1775081374.json to Snowflake stage
[2026-04-02T20:59:41.484+0000] {logging_mixin.py:188} INFO - Uploaded /tmp/minio_downloads/1775081382.json to Snowflake stage
[2026-04-02T20:59:41.739+0000] {logging_mixin.py:188} INFO - Uploaded /tmp/minio_downloads/1775081389.json to Snowflake stage
[2026-04-02T20:59:41.980+0000] {logging_mixin.py:188} INFO - Uploaded /tmp/minio_downloads/1775081396.json to Snowflake stage
[2026-04-02T20:59:42.224+0000] {logging_mixin.py:188} INFO - Uploaded /tmp/minio_downloads/1775081404.json to Snowflake stage
[2026-04-02T20:59:42.959+0000] {logging_mixin.py:188} INFO - Uploaded /tmp/minio_downloads/1775081411.json to Snowflake stage
[2026-04-02T20:59:43.574+0000] {logging_mixin.py:188} INFO - Uploaded /tmp/minio_downloads/1775081419.json to Snowflake stage
[2026-04-02T20:59:43.839+0000] {logging_mixin.py:188} INFO - Uploaded /tmp/minio_downloads/1775081426.json to Snowflake stage
[2026-04-02T20:59:44.097+0000] {logging_mixin.py:188} INFO - Uploaded /tmp/minio_downloads/1775081433.json to Snowflake stage
[2026-04-02T20:59:44.355+0000] {logging_mixin.py:188} INFO - Uploaded /tmp/minio_downloads/1775081441.json to Snowflake stage
[2026-04-02T20:59:44.612+0000] {logging_mixin.py:188} INFO - Uploaded /tmp/minio_downloads/1775081448.json to Snowflake stage
[2026-04-02T20:59:44.872+0000] {logging_mixin.py:188} INFO - Uploaded /tmp/minio_downloads/1775081455.json to Snowflake stage
[2026-04-02T20:59:45.112+0000] {logging_mixin.py:188} INFO - Uploaded /tmp/minio_downloads/1775081463.json to Snowflake stage
[2026-04-02T20:59:45.400+0000] {logging_mixin.py:188} INFO - Uploaded /tmp/minio_downloads/1775081470.json to Snowflake stage
[2026-04-02T20:59:45.650+0000] {logging_mixin.py:188} INFO - Uploaded /tmp/minio_downloads/1775081477.json to Snowflake stage
[2026-04-02T20:59:45.890+0000] {logging_mixin.py:188} INFO - Uploaded /tmp/minio_downloads/1775081485.json to Snowflake stage
[2026-04-02T20:59:46.132+0000] {logging_mixin.py:188} INFO - Uploaded /tmp/minio_downloads/1775081492.json to Snowflake stage
[2026-04-02T20:59:46.385+0000] {logging_mixin.py:188} INFO - Uploaded /tmp/minio_downloads/1775081499.json to Snowflake stage
[2026-04-02T20:59:47.306+0000] {logging_mixin.py:188} INFO - Uploaded /tmp/minio_downloads/1775081507.json to Snowflake stage
[2026-04-02T20:59:47.547+0000] {logging_mixin.py:188} INFO - Uploaded /tmp/minio_downloads/1775081514.json to Snowflake stage
[2026-04-02T20:59:47.762+0000] {logging_mixin.py:188} INFO - Uploaded /tmp/minio_downloads/1775081522.json to Snowflake stage
[2026-04-02T20:59:48.024+0000] {logging_mixin.py:188} INFO - Uploaded /tmp/minio_downloads/1775081529.json to Snowflake stage
[2026-04-02T20:59:48.249+0000] {logging_mixin.py:188} INFO - Uploaded /tmp/minio_downloads/1775081536.json to Snowflake stage
[2026-04-02T20:59:48.467+0000] {logging_mixin.py:188} INFO - Uploaded /tmp/minio_downloads/1775081544.json to Snowflake stage
[2026-04-02T20:59:48.740+0000] {logging_mixin.py:188} INFO - Uploaded /tmp/minio_downloads/1775081551.json to Snowflake stage
[2026-04-02T20:59:48.996+0000] {logging_mixin.py:188} INFO - Uploaded /tmp/minio_downloads/1775081559.json to Snowflake stage
[2026-04-02T20:59:49.476+0000] {logging_mixin.py:188} INFO - Uploaded /tmp/minio_downloads/1775081566.json to Snowflake stage
[2026-04-02T20:59:49.754+0000] {logging_mixin.py:188} INFO - Uploaded /tmp/minio_downloads/1775081574.json to Snowflake stage
[2026-04-02T20:59:50.029+0000] {logging_mixin.py:188} INFO - Uploaded /tmp/minio_downloads/1775081581.json to Snowflake stage
[2026-04-02T20:59:50.286+0000] {logging_mixin.py:188} INFO - Uploaded /tmp/minio_downloads/1775081588.json to Snowflake stage
[2026-04-02T20:59:50.546+0000] {logging_mixin.py:188} INFO - Uploaded /tmp/minio_downloads/1775081596.json to Snowflake stage
[2026-04-02T20:59:50.828+0000] {logging_mixin.py:188} INFO - Uploaded /tmp/minio_downloads/1775081603.json to Snowflake stage
[2026-04-02T20:59:51.092+0000] {logging_mixin.py:188} INFO - Uploaded /tmp/minio_downloads/1775081610.json to Snowflake stage
[2026-04-02T20:59:51.385+0000] {logging_mixin.py:188} INFO - Uploaded /tmp/minio_downloads/1775081618.json to Snowflake stage
[2026-04-02T20:59:51.649+0000] {logging_mixin.py:188} INFO - Uploaded /tmp/minio_downloads/1775081626.json to Snowflake stage
[2026-04-02T20:59:51.898+0000] {logging_mixin.py:188} INFO - Uploaded /tmp/minio_downloads/1775081633.json to Snowflake stage
[2026-04-02T20:59:52.143+0000] {logging_mixin.py:188} INFO - Uploaded /tmp/minio_downloads/1775081641.json to Snowflake stage
[2026-04-02T20:59:52.381+0000] {logging_mixin.py:188} INFO - Uploaded /tmp/minio_downloads/1775081648.json to Snowflake stage
[2026-04-02T20:59:52.626+0000] {logging_mixin.py:188} INFO - Uploaded /tmp/minio_downloads/1775081656.json to Snowflake stage
[2026-04-02T20:59:52.861+0000] {logging_mixin.py:188} INFO - Uploaded /tmp/minio_downloads/1775081663.json to Snowflake stage
[2026-04-02T20:59:53.126+0000] {logging_mixin.py:188} INFO - Uploaded /tmp/minio_downloads/1775081671.json to Snowflake stage
[2026-04-02T20:59:53.369+0000] {logging_mixin.py:188} INFO - Uploaded /tmp/minio_downloads/1775081678.json to Snowflake stage
[2026-04-02T20:59:53.649+0000] {logging_mixin.py:188} INFO - Uploaded /tmp/minio_downloads/1775081686.json to Snowflake stage
[2026-04-02T20:59:53.898+0000] {logging_mixin.py:188} INFO - Uploaded /tmp/minio_downloads/1775081693.json to Snowflake stage
[2026-04-02T20:59:54.135+0000] {logging_mixin.py:188} INFO - Uploaded /tmp/minio_downloads/1775081700.json to Snowflake stage
[2026-04-02T20:59:54.372+0000] {logging_mixin.py:188} INFO - Uploaded /tmp/minio_downloads/1775081708.json to Snowflake stage
[2026-04-02T20:59:54.633+0000] {logging_mixin.py:188} INFO - Uploaded /tmp/minio_downloads/1775081716.json to Snowflake stage
[2026-04-02T20:59:54.870+0000] {logging_mixin.py:188} INFO - Uploaded /tmp/minio_downloads/1775081723.json to Snowflake stage
[2026-04-02T20:59:55.127+0000] {logging_mixin.py:188} INFO - Uploaded /tmp/minio_downloads/1775081730.json to Snowflake stage
[2026-04-02T20:59:55.374+0000] {logging_mixin.py:188} INFO - Uploaded /tmp/minio_downloads/1775081738.json to Snowflake stage
[2026-04-02T20:59:55.676+0000] {logging_mixin.py:188} INFO - Uploaded /tmp/minio_downloads/1775081745.json to Snowflake stage
[2026-04-02T20:59:55.955+0000] {logging_mixin.py:188} INFO - Uploaded /tmp/minio_downloads/1775081753.json to Snowflake stage
[2026-04-02T20:59:56.195+0000] {logging_mixin.py:188} INFO - Uploaded /tmp/minio_downloads/1775081760.json to Snowflake stage
[2026-04-02T20:59:56.424+0000] {logging_mixin.py:188} INFO - Uploaded /tmp/minio_downloads/1775081768.json to Snowflake stage
[2026-04-02T20:59:56.681+0000] {logging_mixin.py:188} INFO - Uploaded /tmp/minio_downloads/1775081775.json to Snowflake stage
[2026-04-02T20:59:56.918+0000] {logging_mixin.py:188} INFO - Uploaded /tmp/minio_downloads/1775081782.json to Snowflake stage
[2026-04-02T20:59:57.172+0000] {logging_mixin.py:188} INFO - Uploaded /tmp/minio_downloads/1775081789.json to Snowflake stage
[2026-04-02T20:59:57.406+0000] {logging_mixin.py:188} INFO - Uploaded /tmp/minio_downloads/1775081796.json to Snowflake stage
[2026-04-02T20:59:57.661+0000] {logging_mixin.py:188} INFO - Uploaded /tmp/minio_downloads/1775081804.json to Snowflake stage
[2026-04-02T20:59:57.925+0000] {logging_mixin.py:188} INFO - Uploaded /tmp/minio_downloads/1775081811.json to Snowflake stage
[2026-04-02T20:59:58.212+0000] {logging_mixin.py:188} INFO - Uploaded /tmp/minio_downloads/1775081819.json to Snowflake stage
[2026-04-02T20:59:58.461+0000] {logging_mixin.py:188} INFO - Uploaded /tmp/minio_downloads/1775081826.json to Snowflake stage
[2026-04-02T20:59:58.701+0000] {logging_mixin.py:188} INFO - Uploaded /tmp/minio_downloads/1775081834.json to Snowflake stage
[2026-04-02T20:59:59.009+0000] {logging_mixin.py:188} INFO - Uploaded /tmp/minio_downloads/1775081841.json to Snowflake stage
[2026-04-02T20:59:59.261+0000] {logging_mixin.py:188} INFO - Uploaded /tmp/minio_downloads/1775081848.json to Snowflake stage
[2026-04-02T20:59:59.497+0000] {logging_mixin.py:188} INFO - Uploaded /tmp/minio_downloads/1775081855.json to Snowflake stage
[2026-04-02T20:59:59.740+0000] {logging_mixin.py:188} INFO - Uploaded /tmp/minio_downloads/1775081863.json to Snowflake stage
[2026-04-02T20:59:59.979+0000] {logging_mixin.py:188} INFO - Uploaded /tmp/minio_downloads/1775081870.json to Snowflake stage
[2026-04-02T21:00:00.209+0000] {logging_mixin.py:188} INFO - Uploaded /tmp/minio_downloads/1775081877.json to Snowflake stage
[2026-04-02T21:00:00.442+0000] {logging_mixin.py:188} INFO - Uploaded /tmp/minio_downloads/1775081885.json to Snowflake stage
[2026-04-02T21:00:00.693+0000] {logging_mixin.py:188} INFO - Uploaded /tmp/minio_downloads/1775081892.json to Snowflake stage
[2026-04-02T21:00:00.928+0000] {logging_mixin.py:188} INFO - Uploaded /tmp/minio_downloads/1775081900.json to Snowflake stage
[2026-04-02T21:00:01.216+0000] {logging_mixin.py:188} INFO - Uploaded /tmp/minio_downloads/1775081907.json to Snowflake stage
[2026-04-02T21:00:01.515+0000] {logging_mixin.py:188} INFO - Uploaded /tmp/minio_downloads/1775081915.json to Snowflake stage
[2026-04-02T21:00:01.818+0000] {logging_mixin.py:188} INFO - Uploaded /tmp/minio_downloads/1775081922.json to Snowflake stage
[2026-04-02T21:00:02.142+0000] {logging_mixin.py:188} INFO - Uploaded /tmp/minio_downloads/1775081929.json to Snowflake stage
[2026-04-02T21:00:02.955+0000] {logging_mixin.py:188} INFO - Uploaded /tmp/minio_downloads/1775081936.json to Snowflake stage
[2026-04-02T21:00:03.233+0000] {logging_mixin.py:188} INFO - Uploaded /tmp/minio_downloads/1775081944.json to Snowflake stage
[2026-04-02T21:00:03.514+0000] {logging_mixin.py:188} INFO - Uploaded /tmp/minio_downloads/1775081951.json to Snowflake stage
[2026-04-02T21:00:04.648+0000] {logging_mixin.py:188} INFO - Uploaded /tmp/minio_downloads/1775081958.json to Snowflake stage
[2026-04-02T21:00:04.907+0000] {logging_mixin.py:188} INFO - Uploaded /tmp/minio_downloads/1775081966.json to Snowflake stage
[2026-04-02T21:00:05.193+0000] {logging_mixin.py:188} INFO - Uploaded /tmp/minio_downloads/1775081973.json to Snowflake stage
[2026-04-02T21:00:05.466+0000] {logging_mixin.py:188} INFO - Uploaded /tmp/minio_downloads/1775081980.json to Snowflake stage
[2026-04-02T21:00:05.725+0000] {logging_mixin.py:188} INFO - Uploaded /tmp/minio_downloads/1775081988.json to Snowflake stage
[2026-04-02T21:00:05.983+0000] {logging_mixin.py:188} INFO - Uploaded /tmp/minio_downloads/1775081995.json to Snowflake stage
[2026-04-02T21:00:06.222+0000] {logging_mixin.py:188} INFO - Uploaded /tmp/minio_downloads/1775082003.json to Snowflake stage
[2026-04-02T21:00:06.493+0000] {logging_mixin.py:188} INFO - Uploaded /tmp/minio_downloads/1775082011.json to Snowflake stage
[2026-04-02T21:00:06.747+0000] {logging_mixin.py:188} INFO - Uploaded /tmp/minio_downloads/1775082018.json to Snowflake stage
[2026-04-02T21:00:07.017+0000] {logging_mixin.py:188} INFO - Uploaded /tmp/minio_downloads/1775082025.json to Snowflake stage
[2026-04-02T21:00:07.284+0000] {logging_mixin.py:188} INFO - Uploaded /tmp/minio_downloads/1775082033.json to Snowflake stage
[2026-04-02T21:00:07.568+0000] {logging_mixin.py:188} INFO - Uploaded /tmp/minio_downloads/1775082041.json to Snowflake stage
[2026-04-02T21:00:07.835+0000] {logging_mixin.py:188} INFO - Uploaded /tmp/minio_downloads/1775082048.json to Snowflake stage
[2026-04-02T21:00:08.141+0000] {logging_mixin.py:188} INFO - Uploaded /tmp/minio_downloads/1775082056.json to Snowflake stage
[2026-04-02T21:00:08.395+0000] {logging_mixin.py:188} INFO - Uploaded /tmp/minio_downloads/1775082063.json to Snowflake stage
[2026-04-02T21:00:10.307+0000] {logging_mixin.py:188} INFO - Uploaded /tmp/minio_downloads/1775082071.json to Snowflake stage
[2026-04-02T21:00:10.587+0000] {logging_mixin.py:188} INFO - Uploaded /tmp/minio_downloads/1775082078.json to Snowflake stage
[2026-04-02T21:00:10.857+0000] {logging_mixin.py:188} INFO - Uploaded /tmp/minio_downloads/1775082086.json to Snowflake stage
[2026-04-02T21:00:11.113+0000] {logging_mixin.py:188} INFO - Uploaded /tmp/minio_downloads/1775082093.json to Snowflake stage
[2026-04-02T21:00:11.387+0000] {logging_mixin.py:188} INFO - Uploaded /tmp/minio_downloads/1775082101.json to Snowflake stage
[2026-04-02T21:00:11.656+0000] {logging_mixin.py:188} INFO - Uploaded /tmp/minio_downloads/1775082108.json to Snowflake stage
[2026-04-02T21:00:11.926+0000] {logging_mixin.py:188} INFO - Uploaded /tmp/minio_downloads/1775082115.json to Snowflake stage
[2026-04-02T21:00:12.218+0000] {logging_mixin.py:188} INFO - Uploaded /tmp/minio_downloads/1775082123.json to Snowflake stage
[2026-04-02T21:00:12.516+0000] {logging_mixin.py:188} INFO - Uploaded /tmp/minio_downloads/1775081248.json to Snowflake stage
[2026-04-02T21:00:12.788+0000] {logging_mixin.py:188} INFO - Uploaded /tmp/minio_downloads/1775081256.json to Snowflake stage
[2026-04-02T21:00:13.065+0000] {logging_mixin.py:188} INFO - Uploaded /tmp/minio_downloads/1775081263.json to Snowflake stage
[2026-04-02T21:00:13.374+0000] {logging_mixin.py:188} INFO - Uploaded /tmp/minio_downloads/1775081270.json to Snowflake stage
[2026-04-02T21:00:13.628+0000] {logging_mixin.py:188} INFO - Uploaded /tmp/minio_downloads/1775081278.json to Snowflake stage
[2026-04-02T21:00:13.885+0000] {logging_mixin.py:188} INFO - Uploaded /tmp/minio_downloads/1775081285.json to Snowflake stage
[2026-04-02T21:00:14.191+0000] {logging_mixin.py:188} INFO - Uploaded /tmp/minio_downloads/1775081293.json to Snowflake stage
[2026-04-02T21:00:14.468+0000] {logging_mixin.py:188} INFO - Uploaded /tmp/minio_downloads/1775081300.json to Snowflake stage
[2026-04-02T21:00:14.742+0000] {logging_mixin.py:188} INFO - Uploaded /tmp/minio_downloads/1775081308.json to Snowflake stage
[2026-04-02T21:00:15.002+0000] {logging_mixin.py:188} INFO - Uploaded /tmp/minio_downloads/1775081315.json to Snowflake stage
[2026-04-02T21:00:15.267+0000] {logging_mixin.py:188} INFO - Uploaded /tmp/minio_downloads/1775081323.json to Snowflake stage
[2026-04-02T21:00:15.548+0000] {logging_mixin.py:188} INFO - Uploaded /tmp/minio_downloads/1775081330.json to Snowflake stage
[2026-04-02T21:00:16.749+0000] {logging_mixin.py:188} INFO - Uploaded /tmp/minio_downloads/1775081337.json to Snowflake stage
[2026-04-02T21:00:17.005+0000] {logging_mixin.py:188} INFO - Uploaded /tmp/minio_downloads/1775081345.json to Snowflake stage
[2026-04-02T21:00:17.273+0000] {logging_mixin.py:188} INFO - Uploaded /tmp/minio_downloads/1775081352.json to Snowflake stage
[2026-04-02T21:00:17.505+0000] {logging_mixin.py:188} INFO - Uploaded /tmp/minio_downloads/1775081359.json to Snowflake stage
[2026-04-02T21:00:17.804+0000] {logging_mixin.py:188} INFO - Uploaded /tmp/minio_downloads/1775081367.json to Snowflake stage
[2026-04-02T21:00:18.049+0000] {logging_mixin.py:188} INFO - Uploaded /tmp/minio_downloads/1775081374.json to Snowflake stage
[2026-04-02T21:00:18.315+0000] {logging_mixin.py:188} INFO - Uploaded /tmp/minio_downloads/1775081382.json to Snowflake stage
[2026-04-02T21:00:18.584+0000] {logging_mixin.py:188} INFO - Uploaded /tmp/minio_downloads/1775081389.json to Snowflake stage
[2026-04-02T21:00:18.831+0000] {logging_mixin.py:188} INFO - Uploaded /tmp/minio_downloads/1775081397.json to Snowflake stage
[2026-04-02T21:00:19.058+0000] {logging_mixin.py:188} INFO - Uploaded /tmp/minio_downloads/1775081404.json to Snowflake stage
[2026-04-02T21:00:19.328+0000] {logging_mixin.py:188} INFO - Uploaded /tmp/minio_downloads/1775081411.json to Snowflake stage
[2026-04-02T21:00:19.589+0000] {logging_mixin.py:188} INFO - Uploaded /tmp/minio_downloads/1775081419.json to Snowflake stage
[2026-04-02T21:00:20.062+0000] {logging_mixin.py:188} INFO - Uploaded /tmp/minio_downloads/1775081426.json to Snowflake stage
[2026-04-02T21:00:20.329+0000] {logging_mixin.py:188} INFO - Uploaded /tmp/minio_downloads/1775081434.json to Snowflake stage
[2026-04-02T21:00:20.653+0000] {logging_mixin.py:188} INFO - Uploaded /tmp/minio_downloads/1775081441.json to Snowflake stage
[2026-04-02T21:00:20.910+0000] {logging_mixin.py:188} INFO - Uploaded /tmp/minio_downloads/1775081448.json to Snowflake stage
[2026-04-02T21:00:21.201+0000] {logging_mixin.py:188} INFO - Uploaded /tmp/minio_downloads/1775081456.json to Snowflake stage
[2026-04-02T21:00:21.452+0000] {logging_mixin.py:188} INFO - Uploaded /tmp/minio_downloads/1775081463.json to Snowflake stage
[2026-04-02T21:00:21.718+0000] {logging_mixin.py:188} INFO - Uploaded /tmp/minio_downloads/1775081470.json to Snowflake stage
[2026-04-02T21:00:21.972+0000] {logging_mixin.py:188} INFO - Uploaded /tmp/minio_downloads/1775081478.json to Snowflake stage
[2026-04-02T21:00:22.236+0000] {logging_mixin.py:188} INFO - Uploaded /tmp/minio_downloads/1775081485.json to Snowflake stage
[2026-04-02T21:00:22.569+0000] {logging_mixin.py:188} INFO - Uploaded /tmp/minio_downloads/1775081492.json to Snowflake stage
[2026-04-02T21:00:22.827+0000] {logging_mixin.py:188} INFO - Uploaded /tmp/minio_downloads/1775081500.json to Snowflake stage
[2026-04-02T21:00:23.126+0000] {logging_mixin.py:188} INFO - Uploaded /tmp/minio_downloads/1775081507.json to Snowflake stage
[2026-04-02T21:00:23.436+0000] {logging_mixin.py:188} INFO - Uploaded /tmp/minio_downloads/1775081514.json to Snowflake stage
[2026-04-02T21:00:23.767+0000] {logging_mixin.py:188} INFO - Uploaded /tmp/minio_downloads/1775081522.json to Snowflake stage
[2026-04-02T21:00:24.053+0000] {logging_mixin.py:188} INFO - Uploaded /tmp/minio_downloads/1775081529.json to Snowflake stage
[2026-04-02T21:00:24.323+0000] {logging_mixin.py:188} INFO - Uploaded /tmp/minio_downloads/1775081537.json to Snowflake stage
[2026-04-02T21:00:24.556+0000] {logging_mixin.py:188} INFO - Uploaded /tmp/minio_downloads/1775081544.json to Snowflake stage
[2026-04-02T21:00:24.797+0000] {logging_mixin.py:188} INFO - Uploaded /tmp/minio_downloads/1775081552.json to Snowflake stage
[2026-04-02T21:00:25.067+0000] {logging_mixin.py:188} INFO - Uploaded /tmp/minio_downloads/1775081559.json to Snowflake stage
[2026-04-02T21:00:25.639+0000] {logging_mixin.py:188} INFO - Uploaded /tmp/minio_downloads/1775081567.json to Snowflake stage
[2026-04-02T21:00:25.895+0000] {logging_mixin.py:188} INFO - Uploaded /tmp/minio_downloads/1775081574.json to Snowflake stage
[2026-04-02T21:00:26.154+0000] {logging_mixin.py:188} INFO - Uploaded /tmp/minio_downloads/1775081581.json to Snowflake stage
[2026-04-02T21:00:26.403+0000] {logging_mixin.py:188} INFO - Uploaded /tmp/minio_downloads/1775081589.json to Snowflake stage
[2026-04-02T21:00:26.660+0000] {logging_mixin.py:188} INFO - Uploaded /tmp/minio_downloads/1775081596.json to Snowflake stage
[2026-04-02T21:00:26.926+0000] {logging_mixin.py:188} INFO - Uploaded /tmp/minio_downloads/1775081603.json to Snowflake stage
[2026-04-02T21:00:27.170+0000] {logging_mixin.py:188} INFO - Uploaded /tmp/minio_downloads/1775081611.json to Snowflake stage
[2026-04-02T21:00:27.416+0000] {logging_mixin.py:188} INFO - Uploaded /tmp/minio_downloads/1775081619.json to Snowflake stage
[2026-04-02T21:00:27.681+0000] {logging_mixin.py:188} INFO - Uploaded /tmp/minio_downloads/1775081626.json to Snowflake stage
[2026-04-02T21:00:27.942+0000] {logging_mixin.py:188} INFO - Uploaded /tmp/minio_downloads/1775081634.json to Snowflake stage
[2026-04-02T21:00:28.210+0000] {logging_mixin.py:188} INFO - Uploaded /tmp/minio_downloads/1775081641.json to Snowflake stage
[2026-04-02T21:00:28.490+0000] {logging_mixin.py:188} INFO - Uploaded /tmp/minio_downloads/1775081649.json to Snowflake stage
[2026-04-02T21:00:29.096+0000] {logging_mixin.py:188} INFO - Uploaded /tmp/minio_downloads/1775081656.json to Snowflake stage
[2026-04-02T21:00:29.351+0000] {logging_mixin.py:188} INFO - Uploaded /tmp/minio_downloads/1775081663.json to Snowflake stage
[2026-04-02T21:00:29.663+0000] {logging_mixin.py:188} INFO - Uploaded /tmp/minio_downloads/1775081671.json to Snowflake stage
[2026-04-02T21:00:29.940+0000] {logging_mixin.py:188} INFO - Uploaded /tmp/minio_downloads/1775081678.json to Snowflake stage
[2026-04-02T21:00:30.193+0000] {logging_mixin.py:188} INFO - Uploaded /tmp/minio_downloads/1775081686.json to Snowflake stage
[2026-04-02T21:00:30.448+0000] {logging_mixin.py:188} INFO - Uploaded /tmp/minio_downloads/1775081693.json to Snowflake stage
[2026-04-02T21:00:30.714+0000] {logging_mixin.py:188} INFO - Uploaded /tmp/minio_downloads/1775081700.json to Snowflake stage
[2026-04-02T21:00:31.011+0000] {logging_mixin.py:188} INFO - Uploaded /tmp/minio_downloads/1775081708.json to Snowflake stage
[2026-04-02T21:00:31.295+0000] {logging_mixin.py:188} INFO - Uploaded /tmp/minio_downloads/1775081716.json to Snowflake stage
[2026-04-02T21:00:31.538+0000] {logging_mixin.py:188} INFO - Uploaded /tmp/minio_downloads/1775081723.json to Snowflake stage
[2026-04-02T21:00:31.791+0000] {logging_mixin.py:188} INFO - Uploaded /tmp/minio_downloads/1775081731.json to Snowflake stage
[2026-04-02T21:00:32.407+0000] {logging_mixin.py:188} INFO - Uploaded /tmp/minio_downloads/1775081738.json to Snowflake stage
[2026-04-02T21:00:32.657+0000] {logging_mixin.py:188} INFO - Uploaded /tmp/minio_downloads/1775081746.json to Snowflake stage
[2026-04-02T21:00:32.997+0000] {logging_mixin.py:188} INFO - Uploaded /tmp/minio_downloads/1775081753.json to Snowflake stage
[2026-04-02T21:00:33.275+0000] {logging_mixin.py:188} INFO - Uploaded /tmp/minio_downloads/1775081761.json to Snowflake stage
[2026-04-02T21:00:33.530+0000] {logging_mixin.py:188} INFO - Uploaded /tmp/minio_downloads/1775081768.json to Snowflake stage
[2026-04-02T21:00:33.787+0000] {logging_mixin.py:188} INFO - Uploaded /tmp/minio_downloads/1775081775.json to Snowflake stage
[2026-04-02T21:00:34.078+0000] {logging_mixin.py:188} INFO - Uploaded /tmp/minio_downloads/1775081782.json to Snowflake stage
[2026-04-02T21:00:34.342+0000] {logging_mixin.py:188} INFO - Uploaded /tmp/minio_downloads/1775081789.json to Snowflake stage
[2026-04-02T21:00:34.985+0000] {logging_mixin.py:188} INFO - Uploaded /tmp/minio_downloads/1775081797.json to Snowflake stage
[2026-04-02T21:00:35.273+0000] {logging_mixin.py:188} INFO - Uploaded /tmp/minio_downloads/1775081804.json to Snowflake stage
[2026-04-02T21:00:35.543+0000] {logging_mixin.py:188} INFO - Uploaded /tmp/minio_downloads/1775081812.json to Snowflake stage
[2026-04-02T21:00:35.794+0000] {logging_mixin.py:188} INFO - Uploaded /tmp/minio_downloads/1775081819.json to Snowflake stage
[2026-04-02T21:00:36.054+0000] {logging_mixin.py:188} INFO - Uploaded /tmp/minio_downloads/1775081827.json to Snowflake stage
[2026-04-02T21:00:36.351+0000] {logging_mixin.py:188} INFO - Uploaded /tmp/minio_downloads/1775081834.json to Snowflake stage
[2026-04-02T21:00:36.664+0000] {logging_mixin.py:188} INFO - Uploaded /tmp/minio_downloads/1775081841.json to Snowflake stage
[2026-04-02T21:00:36.914+0000] {logging_mixin.py:188} INFO - Uploaded /tmp/minio_downloads/1775081848.json to Snowflake stage
[2026-04-02T21:00:37.183+0000] {logging_mixin.py:188} INFO - Uploaded /tmp/minio_downloads/1775081856.json to Snowflake stage
[2026-04-02T21:00:37.451+0000] {logging_mixin.py:188} INFO - Uploaded /tmp/minio_downloads/1775081863.json to Snowflake stage
[2026-04-02T21:00:37.728+0000] {logging_mixin.py:188} INFO - Uploaded /tmp/minio_downloads/1775081870.json to Snowflake stage
[2026-04-02T21:00:37.985+0000] {logging_mixin.py:188} INFO - Uploaded /tmp/minio_downloads/1775081878.json to Snowflake stage
[2026-04-02T21:00:38.258+0000] {logging_mixin.py:188} INFO - Uploaded /tmp/minio_downloads/1775081885.json to Snowflake stage
[2026-04-02T21:00:38.516+0000] {logging_mixin.py:188} INFO - Uploaded /tmp/minio_downloads/1775081893.json to Snowflake stage
[2026-04-02T21:00:38.910+0000] {logging_mixin.py:188} INFO - Uploaded /tmp/minio_downloads/1775081900.json to Snowflake stage
[2026-04-02T21:00:39.169+0000] {logging_mixin.py:188} INFO - Uploaded /tmp/minio_downloads/1775081907.json to Snowflake stage
[2026-04-02T21:00:39.443+0000] {logging_mixin.py:188} INFO - Uploaded /tmp/minio_downloads/1775081915.json to Snowflake stage
[2026-04-02T21:00:39.708+0000] {logging_mixin.py:188} INFO - Uploaded /tmp/minio_downloads/1775081922.json to Snowflake stage
[2026-04-02T21:00:40.003+0000] {logging_mixin.py:188} INFO - Uploaded /tmp/minio_downloads/1775081929.json to Snowflake stage
[2026-04-02T21:00:40.270+0000] {logging_mixin.py:188} INFO - Uploaded /tmp/minio_downloads/1775081937.json to Snowflake stage
[2026-04-02T21:00:40.539+0000] {logging_mixin.py:188} INFO - Uploaded /tmp/minio_downloads/1775081944.json to Snowflake stage
[2026-04-02T21:00:40.848+0000] {logging_mixin.py:188} INFO - Uploaded /tmp/minio_downloads/1775081951.json to Snowflake stage
[2026-04-02T21:00:41.116+0000] {logging_mixin.py:188} INFO - Uploaded /tmp/minio_downloads/1775081959.json to Snowflake stage
[2026-04-02T21:00:41.371+0000] {logging_mixin.py:188} INFO - Uploaded /tmp/minio_downloads/1775081966.json to Snowflake stage
[2026-04-02T21:00:41.630+0000] {logging_mixin.py:188} INFO - Uploaded /tmp/minio_downloads/1775081973.json to Snowflake stage
[2026-04-02T21:00:41.897+0000] {logging_mixin.py:188} INFO - Uploaded /tmp/minio_downloads/1775081981.json to Snowflake stage
[2026-04-02T21:00:42.173+0000] {logging_mixin.py:188} INFO - Uploaded /tmp/minio_downloads/1775081988.json to Snowflake stage
[2026-04-02T21:00:42.869+0000] {logging_mixin.py:188} INFO - Uploaded /tmp/minio_downloads/1775081996.json to Snowflake stage
[2026-04-02T21:00:43.155+0000] {logging_mixin.py:188} INFO - Uploaded /tmp/minio_downloads/1775082003.json to Snowflake stage
[2026-04-02T21:00:43.427+0000] {logging_mixin.py:188} INFO - Uploaded /tmp/minio_downloads/1775082011.json to Snowflake stage
[2026-04-02T21:00:43.721+0000] {logging_mixin.py:188} INFO - Uploaded /tmp/minio_downloads/1775082018.json to Snowflake stage
[2026-04-02T21:00:43.998+0000] {logging_mixin.py:188} INFO - Uploaded /tmp/minio_downloads/1775082026.json to Snowflake stage
[2026-04-02T21:00:44.300+0000] {logging_mixin.py:188} INFO - Uploaded /tmp/minio_downloads/1775082034.json to Snowflake stage
[2026-04-02T21:00:44.565+0000] {logging_mixin.py:188} INFO - Uploaded /tmp/minio_downloads/1775082041.json to Snowflake stage
[2026-04-02T21:00:44.832+0000] {logging_mixin.py:188} INFO - Uploaded /tmp/minio_downloads/1775082049.json to Snowflake stage
[2026-04-02T21:00:45.132+0000] {logging_mixin.py:188} INFO - Uploaded /tmp/minio_downloads/1775082056.json to Snowflake stage
[2026-04-02T21:00:45.402+0000] {logging_mixin.py:188} INFO - Uploaded /tmp/minio_downloads/1775082064.json to Snowflake stage
[2026-04-02T21:00:45.754+0000] {logging_mixin.py:188} INFO - Uploaded /tmp/minio_downloads/1775082071.json to Snowflake stage
[2026-04-02T21:00:46.025+0000] {logging_mixin.py:188} INFO - Uploaded /tmp/minio_downloads/1775082078.json to Snowflake stage
[2026-04-02T21:00:46.326+0000] {logging_mixin.py:188} INFO - Uploaded /tmp/minio_downloads/1775082086.json to Snowflake stage
[2026-04-02T21:00:46.605+0000] {logging_mixin.py:188} INFO - Uploaded /tmp/minio_downloads/1775082093.json to Snowflake stage
[2026-04-02T21:00:46.862+0000] {logging_mixin.py:188} INFO - Uploaded /tmp/minio_downloads/1775082101.json to Snowflake stage
[2026-04-02T21:00:47.180+0000] {logging_mixin.py:188} INFO - Uploaded /tmp/minio_downloads/1775082108.json to Snowflake stage
[2026-04-02T21:00:47.503+0000] {logging_mixin.py:188} INFO - Uploaded /tmp/minio_downloads/1775082116.json to Snowflake stage
[2026-04-02T21:00:47.769+0000] {logging_mixin.py:188} INFO - Uploaded /tmp/minio_downloads/1775082123.json to Snowflake stage
[2026-04-02T21:00:48.985+0000] {cursor.py:1149} INFO - Number of results in first chunk: 1
[2026-04-02T21:00:48.994+0000] {logging_mixin.py:188} INFO - COPY INTO executed
[2026-04-02T21:00:48.996+0000] {connection.py:773} INFO - closed
[2026-04-02T21:00:49.062+0000] {connection.py:779} INFO - No async queries seem to be running, deleting session
[2026-04-02T21:00:49.178+0000] {python.py:237} INFO - Done. Returned value was: None
[2026-04-02T21:00:49.180+0000] {taskinstance.py:441} INFO - ::group::Post task execution logs
[2026-04-02T21:00:49.236+0000] {taskinstance.py:1206} INFO - Marking task as SUCCESS. dag_id=minio_to_snowflake, task_id=load_snowflake, run_id=manual__2026-04-02T20:51:14.533000+00:00, execution_date=20260402T205114, start_date=20260402T205727, end_date=20260402T210049
[2026-04-02T21:00:49.316+0000] {local_task_job_runner.py:243} INFO - Task exited with return code 0
[2026-04-02T21:00:49.420+0000] {taskinstance.py:3503} INFO - 0 downstream tasks scheduled from follow-on schedule check
[2026-04-02T21:00:49.421+0000] {local_task_job_runner.py:222} INFO - ::endgroup::
